12/05/2017 12:06:43 PM : INFO : 
12/05/2017 12:06:43 PM : INFO : --------------------------
12/05/2017 12:06:43 PM : INFO : 
12/05/2017 12:06:43 PM : INFO : New instance of EduGame.py
12/05/2017 12:06:43 PM : INFO : 
12/05/2017 12:06:43 PM : INFO : --------------------------
12/05/2017 12:06:43 PM : INFO : 
12/05/2017 12:06:43 PM : INFO : New instance of EduGame.py
12/05/2017 12:06:45 PM : INFO : [MM] - LOADING MAIN MENU
12/05/2017 12:06:45 PM : INFO : INIT DRAW
12/05/2017 12:06:46 PM : INFO : SPACE key was pressed
12/05/2017 12:06:46 PM : INFO : NEW GAME
12/05/2017 12:06:46 PM : INFO : LOADING GAME
12/05/2017 12:06:46 PM : INFO : INIT PLAYER
12/05/2017 12:06:47 PM : INFO : W key is being held down
12/05/2017 12:06:47 PM : INFO : UP
12/05/2017 12:06:47 PM : INFO : W key is being held down
12/05/2017 12:06:47 PM : INFO : UP
12/05/2017 12:06:47 PM : INFO : W key is being held down
12/05/2017 12:06:47 PM : INFO : UP
12/05/2017 12:06:47 PM : INFO : W key is being held down
12/05/2017 12:06:47 PM : INFO : UP
12/05/2017 12:06:47 PM : INFO : W key is being held down
12/05/2017 12:06:47 PM : INFO : UP
12/05/2017 12:06:47 PM : INFO : W key is being held down
12/05/2017 12:06:47 PM : INFO : UP
12/05/2017 12:06:47 PM : INFO : W key is being held down
12/05/2017 12:06:47 PM : INFO : UP
12/05/2017 12:06:47 PM : INFO : W key is being held down
12/05/2017 12:06:47 PM : INFO : UP
12/05/2017 12:06:47 PM : INFO : W key is being held down
12/05/2017 12:06:47 PM : INFO : UP
12/05/2017 12:06:47 PM : INFO : W key is being held down
12/05/2017 12:06:47 PM : INFO : UP
12/05/2017 12:06:47 PM : INFO : W key is being held down
12/05/2017 12:06:47 PM : INFO : UP
12/05/2017 12:06:47 PM : INFO : W key is being held down
12/05/2017 12:06:47 PM : INFO : UP
12/05/2017 12:06:47 PM : INFO : W key is being held down
12/05/2017 12:06:47 PM : INFO : UP
12/05/2017 12:06:48 PM : INFO : W key is being held down
12/05/2017 12:06:48 PM : INFO : UP
12/05/2017 12:06:48 PM : INFO : W key is being held down
12/05/2017 12:06:48 PM : INFO : UP
12/05/2017 12:06:48 PM : INFO : W key is being held down
12/05/2017 12:06:48 PM : INFO : UP
12/05/2017 12:06:48 PM : INFO : W key is being held down
12/05/2017 12:06:48 PM : INFO : UP
12/05/2017 12:06:48 PM : INFO : W key is being held down
12/05/2017 12:06:48 PM : INFO : UP
12/05/2017 12:06:48 PM : INFO : W key is being held down
12/05/2017 12:06:48 PM : INFO : UP
12/05/2017 12:06:48 PM : INFO : W key is being held down
12/05/2017 12:06:48 PM : INFO : UP
12/05/2017 12:06:48 PM : INFO : W key is being held down
12/05/2017 12:06:48 PM : INFO : UP
12/05/2017 12:06:48 PM : INFO : W key is being held down
12/05/2017 12:06:48 PM : INFO : UP
12/05/2017 12:06:48 PM : INFO : W key is being held down
12/05/2017 12:06:48 PM : INFO : UP
12/05/2017 12:06:48 PM : INFO : W key is being held down
12/05/2017 12:06:48 PM : INFO : UP
12/05/2017 12:06:48 PM : INFO : W key is being held down
12/05/2017 12:06:48 PM : INFO : UP
12/05/2017 12:06:48 PM : INFO : W key is being held down
12/05/2017 12:06:48 PM : INFO : UP
12/05/2017 12:06:48 PM : INFO : W key is being held down
12/05/2017 12:06:48 PM : INFO : UP
12/05/2017 12:06:48 PM : INFO : W key is being held down
12/05/2017 12:06:48 PM : INFO : UP
12/05/2017 12:06:48 PM : INFO : W key is being held down
12/05/2017 12:06:48 PM : INFO : UP
12/05/2017 12:06:48 PM : INFO : W key is being held down
12/05/2017 12:06:48 PM : INFO : UP
12/05/2017 12:06:48 PM : INFO : W key is being held down
12/05/2017 12:06:48 PM : INFO : UP
12/05/2017 12:06:48 PM : INFO : W key is being held down
12/05/2017 12:06:48 PM : INFO : UP
12/05/2017 12:06:48 PM : INFO : W key is being held down
12/05/2017 12:06:48 PM : INFO : UP
12/05/2017 12:06:48 PM : INFO : W key is being held down
12/05/2017 12:06:48 PM : INFO : UP
12/05/2017 12:06:48 PM : INFO : W key is being held down
12/05/2017 12:06:48 PM : INFO : UP
12/05/2017 12:06:48 PM : INFO : W key is being held down
12/05/2017 12:06:48 PM : INFO : UP
12/05/2017 12:06:48 PM : INFO : W key is being held down
12/05/2017 12:06:48 PM : INFO : UP
12/05/2017 12:06:48 PM : INFO : W key is being held down
12/05/2017 12:06:48 PM : INFO : UP
12/05/2017 12:06:48 PM : INFO : W key is being held down
12/05/2017 12:06:48 PM : INFO : UP
12/05/2017 12:06:49 PM : INFO : W key is being held down
12/05/2017 12:06:49 PM : INFO : UP
12/05/2017 12:06:49 PM : INFO : W key is being held down
12/05/2017 12:06:49 PM : INFO : UP
12/05/2017 12:06:49 PM : INFO : W key is being held down
12/05/2017 12:06:49 PM : INFO : UP
12/05/2017 12:06:49 PM : INFO : W key is being held down
12/05/2017 12:06:49 PM : INFO : UP
12/05/2017 12:06:49 PM : INFO : W key is being held down
12/05/2017 12:06:49 PM : INFO : UP
12/05/2017 12:06:49 PM : INFO : W key is being held down
12/05/2017 12:06:49 PM : INFO : UP
12/05/2017 12:06:49 PM : INFO : W key is being held down
12/05/2017 12:06:49 PM : INFO : UP
12/05/2017 12:06:49 PM : INFO : W key is being held down
12/05/2017 12:06:49 PM : INFO : UP
12/05/2017 12:06:49 PM : INFO : W key is being held down
12/05/2017 12:06:49 PM : INFO : UP
12/05/2017 12:06:49 PM : INFO : W key is being held down
12/05/2017 12:06:49 PM : INFO : UP
12/05/2017 12:06:49 PM : INFO : W key is being held down
12/05/2017 12:06:49 PM : INFO : UP
12/05/2017 12:06:49 PM : INFO : W key is being held down
12/05/2017 12:06:49 PM : INFO : UP
12/05/2017 12:06:49 PM : INFO : W key is being held down
12/05/2017 12:06:49 PM : INFO : UP
12/05/2017 12:06:49 PM : INFO : W key is being held down
12/05/2017 12:06:49 PM : INFO : UP
12/05/2017 12:06:49 PM : INFO : W key is being held down
12/05/2017 12:06:49 PM : INFO : UP
12/05/2017 12:06:49 PM : INFO : W key is being held down
12/05/2017 12:06:49 PM : INFO : UP
12/05/2017 12:06:49 PM : INFO : W key is being held down
12/05/2017 12:06:49 PM : INFO : UP
12/05/2017 12:06:49 PM : INFO : W key was released
12/05/2017 12:06:49 PM : INFO : W key is being held down
12/05/2017 12:06:49 PM : INFO : UP
12/05/2017 12:06:49 PM : INFO : W key was released
12/05/2017 12:06:50 PM : INFO : W key is being held down
12/05/2017 12:06:50 PM : INFO : UP
12/05/2017 12:06:50 PM : INFO : W key was released
12/05/2017 12:06:51 PM : INFO : ESCAPE key was pressed
12/05/2017 12:08:49 PM : INFO : 
12/05/2017 12:08:49 PM : INFO : --------------------------
12/05/2017 12:08:49 PM : INFO : 
12/05/2017 12:08:49 PM : INFO : New instance of EduGame.py
12/05/2017 12:08:49 PM : INFO : 
12/05/2017 12:08:49 PM : INFO : --------------------------
12/05/2017 12:08:49 PM : INFO : 
12/05/2017 12:08:49 PM : INFO : New instance of EduGame.py
12/05/2017 12:08:51 PM : INFO : [MM] - LOADING MAIN MENU
12/05/2017 12:08:51 PM : INFO : INIT DRAW
12/05/2017 12:08:51 PM : INFO : SPACE key was pressed
12/05/2017 12:08:51 PM : INFO : NEW GAME
12/05/2017 12:08:51 PM : INFO : LOADING GAME
12/05/2017 12:08:51 PM : INFO : INIT PLAYER
12/05/2017 12:08:52 PM : INFO : W key is being held down
12/05/2017 12:08:52 PM : INFO : UP
12/05/2017 12:08:52 PM : INFO : W key is being held down
12/05/2017 12:08:52 PM : INFO : UP
12/05/2017 12:08:52 PM : INFO : W key is being held down
12/05/2017 12:08:52 PM : INFO : UP
12/05/2017 12:08:52 PM : INFO : W key is being held down
12/05/2017 12:08:52 PM : INFO : UP
12/05/2017 12:08:52 PM : INFO : W key is being held down
12/05/2017 12:08:52 PM : INFO : UP
12/05/2017 12:08:52 PM : INFO : W key is being held down
12/05/2017 12:08:52 PM : INFO : UP
12/05/2017 12:08:53 PM : INFO : W key is being held down
12/05/2017 12:08:53 PM : INFO : UP
12/05/2017 12:08:53 PM : INFO : W key is being held down
12/05/2017 12:08:53 PM : INFO : UP
12/05/2017 12:08:53 PM : INFO : W key is being held down
12/05/2017 12:08:53 PM : INFO : UP
12/05/2017 12:08:53 PM : INFO : W key is being held down
12/05/2017 12:08:53 PM : INFO : UP
12/05/2017 12:08:53 PM : INFO : W key is being held down
12/05/2017 12:08:53 PM : INFO : UP
12/05/2017 12:08:53 PM : INFO : W key is being held down
12/05/2017 12:08:53 PM : INFO : UP
12/05/2017 12:08:53 PM : INFO : W key is being held down
12/05/2017 12:08:53 PM : INFO : UP
12/05/2017 12:08:53 PM : INFO : W key is being held down
12/05/2017 12:08:53 PM : INFO : UP
12/05/2017 12:08:53 PM : INFO : W key is being held down
12/05/2017 12:08:53 PM : INFO : UP
12/05/2017 12:08:53 PM : INFO : W key is being held down
12/05/2017 12:08:53 PM : INFO : UP
12/05/2017 12:08:53 PM : INFO : W key is being held down
12/05/2017 12:08:53 PM : INFO : UP
12/05/2017 12:08:53 PM : INFO : W key is being held down
12/05/2017 12:08:53 PM : INFO : UP
12/05/2017 12:08:53 PM : INFO : W key is being held down
12/05/2017 12:08:53 PM : INFO : UP
12/05/2017 12:08:53 PM : INFO : W key is being held down
12/05/2017 12:08:53 PM : INFO : UP
12/05/2017 12:08:53 PM : INFO : W key is being held down
12/05/2017 12:08:53 PM : INFO : UP
12/05/2017 12:08:53 PM : INFO : W key is being held down
12/05/2017 12:08:53 PM : INFO : UP
12/05/2017 12:08:53 PM : INFO : W key is being held down
12/05/2017 12:08:53 PM : INFO : UP
12/05/2017 12:08:53 PM : INFO : W key is being held down
12/05/2017 12:08:53 PM : INFO : UP
12/05/2017 12:08:53 PM : INFO : W key is being held down
12/05/2017 12:08:53 PM : INFO : UP
12/05/2017 12:08:53 PM : INFO : W key is being held down
12/05/2017 12:08:53 PM : INFO : UP
12/05/2017 12:08:53 PM : INFO : W key is being held down
12/05/2017 12:08:53 PM : INFO : UP
12/05/2017 12:08:53 PM : INFO : W key is being held down
12/05/2017 12:08:53 PM : INFO : UP
12/05/2017 12:08:53 PM : INFO : W key is being held down
12/05/2017 12:08:53 PM : INFO : UP
12/05/2017 12:08:53 PM : INFO : W key is being held down
12/05/2017 12:08:53 PM : INFO : UP
12/05/2017 12:08:53 PM : INFO : W key is being held down
12/05/2017 12:08:53 PM : INFO : UP
12/05/2017 12:08:54 PM : INFO : W key is being held down
12/05/2017 12:08:54 PM : INFO : UP
12/05/2017 12:08:54 PM : INFO : W key is being held down
12/05/2017 12:08:54 PM : INFO : UP
12/05/2017 12:08:54 PM : INFO : W key is being held down
12/05/2017 12:08:54 PM : INFO : UP
12/05/2017 12:08:54 PM : INFO : W key is being held down
12/05/2017 12:08:54 PM : INFO : UP
12/05/2017 12:08:54 PM : INFO : W key is being held down
12/05/2017 12:08:54 PM : INFO : UP
12/05/2017 12:08:54 PM : INFO : W key is being held down
12/05/2017 12:08:54 PM : INFO : UP
12/05/2017 12:08:54 PM : INFO : W key is being held down
12/05/2017 12:08:54 PM : INFO : UP
12/05/2017 12:08:54 PM : INFO : W key is being held down
12/05/2017 12:08:54 PM : INFO : UP
12/05/2017 12:08:54 PM : INFO : W key is being held down
12/05/2017 12:08:54 PM : INFO : UP
12/05/2017 12:08:54 PM : INFO : W key was released
12/05/2017 12:08:54 PM : INFO : D key is being held down
12/05/2017 12:08:54 PM : INFO : RIGHT
12/05/2017 12:08:54 PM : INFO : D key is being held down
12/05/2017 12:08:54 PM : INFO : RIGHT
12/05/2017 12:08:54 PM : INFO : D key is being held down
12/05/2017 12:08:54 PM : INFO : RIGHT
12/05/2017 12:08:55 PM : INFO : D key is being held down
12/05/2017 12:08:55 PM : INFO : RIGHT
12/05/2017 12:08:55 PM : INFO : D key is being held down
12/05/2017 12:08:55 PM : INFO : RIGHT
12/05/2017 12:08:55 PM : INFO : D key is being held down
12/05/2017 12:08:55 PM : INFO : RIGHT
12/05/2017 12:08:55 PM : INFO : D key is being held down
12/05/2017 12:08:55 PM : INFO : RIGHT
12/05/2017 12:08:55 PM : INFO : D key is being held down
12/05/2017 12:08:55 PM : INFO : RIGHT
12/05/2017 12:08:55 PM : INFO : D key is being held down
12/05/2017 12:08:55 PM : INFO : RIGHT
12/05/2017 12:08:55 PM : INFO : D key is being held down
12/05/2017 12:08:55 PM : INFO : RIGHT
12/05/2017 12:08:55 PM : INFO : D key is being held down
12/05/2017 12:08:55 PM : INFO : RIGHT
12/05/2017 12:08:55 PM : INFO : D key is being held down
12/05/2017 12:08:55 PM : INFO : RIGHT
12/05/2017 12:08:55 PM : INFO : D key is being held down
12/05/2017 12:08:55 PM : INFO : RIGHT
12/05/2017 12:08:55 PM : INFO : D key is being held down
12/05/2017 12:08:55 PM : INFO : RIGHT
12/05/2017 12:08:55 PM : INFO : D key is being held down
12/05/2017 12:08:55 PM : INFO : RIGHT
12/05/2017 12:08:55 PM : INFO : D key is being held down
12/05/2017 12:08:55 PM : INFO : RIGHT
12/05/2017 12:08:55 PM : INFO : D key is being held down
12/05/2017 12:08:55 PM : INFO : RIGHT
12/05/2017 12:08:55 PM : INFO : D key is being held down
12/05/2017 12:08:55 PM : INFO : RIGHT
12/05/2017 12:08:55 PM : INFO : D key is being held down
12/05/2017 12:08:55 PM : INFO : RIGHT
12/05/2017 12:08:55 PM : INFO : D key is being held down
12/05/2017 12:08:55 PM : INFO : RIGHT
12/05/2017 12:08:55 PM : INFO : D key is being held down
12/05/2017 12:08:55 PM : INFO : RIGHT
12/05/2017 12:08:55 PM : INFO : D key is being held down
12/05/2017 12:08:55 PM : INFO : RIGHT
12/05/2017 12:08:55 PM : INFO : D key is being held down
12/05/2017 12:08:55 PM : INFO : RIGHT
12/05/2017 12:08:55 PM : INFO : D key is being held down
12/05/2017 12:08:55 PM : INFO : RIGHT
12/05/2017 12:08:55 PM : INFO : D key is being held down
12/05/2017 12:08:55 PM : INFO : RIGHT
12/05/2017 12:08:55 PM : INFO : D key is being held down
12/05/2017 12:08:55 PM : INFO : RIGHT
12/05/2017 12:08:55 PM : INFO : D key is being held down
12/05/2017 12:08:55 PM : INFO : RIGHT
12/05/2017 12:08:55 PM : INFO : D key is being held down
12/05/2017 12:08:56 PM : INFO : RIGHT
12/05/2017 12:08:56 PM : INFO : D key is being held down
12/05/2017 12:08:56 PM : INFO : RIGHT
12/05/2017 12:08:56 PM : INFO : D key is being held down
12/05/2017 12:08:56 PM : INFO : RIGHT
12/05/2017 12:08:56 PM : INFO : D key is being held down
12/05/2017 12:08:56 PM : INFO : RIGHT
12/05/2017 12:08:56 PM : INFO : D key is being held down
12/05/2017 12:08:56 PM : INFO : RIGHT
12/05/2017 12:08:56 PM : INFO : D key is being held down
12/05/2017 12:08:56 PM : INFO : RIGHT
12/05/2017 12:08:56 PM : INFO : D key is being held down
12/05/2017 12:08:56 PM : INFO : RIGHT
12/05/2017 12:08:56 PM : INFO : D key is being held down
12/05/2017 12:08:56 PM : INFO : RIGHT
12/05/2017 12:08:56 PM : INFO : D key is being held down
12/05/2017 12:08:56 PM : INFO : RIGHT
12/05/2017 12:08:56 PM : INFO : D key is being held down
12/05/2017 12:08:56 PM : INFO : RIGHT
12/05/2017 12:08:56 PM : INFO : D key is being held down
12/05/2017 12:08:56 PM : INFO : RIGHT
12/05/2017 12:08:56 PM : INFO : D key is being held down
12/05/2017 12:08:56 PM : INFO : RIGHT
12/05/2017 12:08:56 PM : INFO : D key is being held down
12/05/2017 12:08:56 PM : INFO : RIGHT
12/05/2017 12:08:56 PM : INFO : D key is being held down
12/05/2017 12:08:56 PM : INFO : RIGHT
12/05/2017 12:08:56 PM : INFO : D key is being held down
12/05/2017 12:08:56 PM : INFO : RIGHT
12/05/2017 12:08:56 PM : INFO : D key is being held down
12/05/2017 12:08:56 PM : INFO : RIGHT
12/05/2017 12:08:56 PM : INFO : D key is being held down
12/05/2017 12:08:56 PM : INFO : RIGHT
12/05/2017 12:08:56 PM : INFO : D key is being held down
12/05/2017 12:08:56 PM : INFO : RIGHT
12/05/2017 12:08:56 PM : INFO : D key is being held down
12/05/2017 12:08:56 PM : INFO : RIGHT
12/05/2017 12:08:56 PM : INFO : D key is being held down
12/05/2017 12:08:56 PM : INFO : RIGHT
12/05/2017 12:08:56 PM : INFO : D key is being held down
12/05/2017 12:08:56 PM : INFO : RIGHT
12/05/2017 12:08:56 PM : INFO : D key is being held down
12/05/2017 12:08:56 PM : INFO : RIGHT
12/05/2017 12:08:56 PM : INFO : D key is being held down
12/05/2017 12:08:56 PM : INFO : RIGHT
12/05/2017 12:08:56 PM : INFO : D key is being held down
12/05/2017 12:08:56 PM : INFO : RIGHT
12/05/2017 12:08:56 PM : INFO : D key is being held down
12/05/2017 12:08:56 PM : INFO : RIGHT
12/05/2017 12:08:56 PM : INFO : D key is being held down
12/05/2017 12:08:57 PM : INFO : RIGHT
12/05/2017 12:08:57 PM : INFO : D key is being held down
12/05/2017 12:08:57 PM : INFO : RIGHT
12/05/2017 12:08:57 PM : INFO : D key is being held down
12/05/2017 12:08:57 PM : INFO : RIGHT
12/05/2017 12:08:57 PM : INFO : D key is being held down
12/05/2017 12:08:57 PM : INFO : RIGHT
12/05/2017 12:08:57 PM : INFO : D key is being held down
12/05/2017 12:08:57 PM : INFO : RIGHT
12/05/2017 12:08:57 PM : INFO : D key is being held down
12/05/2017 12:08:57 PM : INFO : RIGHT
12/05/2017 12:08:57 PM : INFO : D key is being held down
12/05/2017 12:08:57 PM : INFO : RIGHT
12/05/2017 12:08:57 PM : INFO : D key is being held down
12/05/2017 12:08:57 PM : INFO : RIGHT
12/05/2017 12:08:57 PM : INFO : D key is being held down
12/05/2017 12:08:57 PM : INFO : RIGHT
12/05/2017 12:08:57 PM : INFO : S key is being held down
12/05/2017 12:08:57 PM : INFO : DOWN
12/05/2017 12:08:57 PM : INFO : D key was released
12/05/2017 12:08:57 PM : INFO : S key is being held down
12/05/2017 12:08:57 PM : INFO : DOWN
12/05/2017 12:08:57 PM : INFO : S key is being held down
12/05/2017 12:08:57 PM : INFO : DOWN
12/05/2017 12:08:57 PM : INFO : S key is being held down
12/05/2017 12:08:57 PM : INFO : DOWN
12/05/2017 12:08:57 PM : INFO : S key is being held down
12/05/2017 12:08:57 PM : INFO : DOWN
12/05/2017 12:08:58 PM : INFO : S key is being held down
12/05/2017 12:08:58 PM : INFO : DOWN
12/05/2017 12:08:58 PM : INFO : S key is being held down
12/05/2017 12:08:58 PM : INFO : DOWN
12/05/2017 12:08:58 PM : INFO : S key is being held down
12/05/2017 12:08:58 PM : INFO : DOWN
12/05/2017 12:08:58 PM : INFO : S key is being held down
12/05/2017 12:08:58 PM : INFO : DOWN
12/05/2017 12:08:58 PM : INFO : S key is being held down
12/05/2017 12:08:58 PM : INFO : DOWN
12/05/2017 12:08:58 PM : INFO : S key is being held down
12/05/2017 12:08:58 PM : INFO : DOWN
12/05/2017 12:08:58 PM : INFO : S key is being held down
12/05/2017 12:08:58 PM : INFO : DOWN
12/05/2017 12:08:58 PM : INFO : S key is being held down
12/05/2017 12:08:58 PM : INFO : DOWN
12/05/2017 12:08:58 PM : INFO : S key is being held down
12/05/2017 12:08:58 PM : INFO : DOWN
12/05/2017 12:08:58 PM : INFO : S key is being held down
12/05/2017 12:08:58 PM : INFO : DOWN
12/05/2017 12:08:58 PM : INFO : S key is being held down
12/05/2017 12:08:58 PM : INFO : DOWN
12/05/2017 12:08:58 PM : INFO : S key is being held down
12/05/2017 12:08:58 PM : INFO : DOWN
12/05/2017 12:08:58 PM : INFO : S key is being held down
12/05/2017 12:08:58 PM : INFO : DOWN
12/05/2017 12:08:58 PM : INFO : S key is being held down
12/05/2017 12:08:58 PM : INFO : DOWN
12/05/2017 12:08:58 PM : INFO : S key is being held down
12/05/2017 12:08:58 PM : INFO : DOWN
12/05/2017 12:08:58 PM : INFO : S key is being held down
12/05/2017 12:08:58 PM : INFO : DOWN
12/05/2017 12:08:58 PM : INFO : S key is being held down
12/05/2017 12:08:58 PM : INFO : DOWN
12/05/2017 12:08:58 PM : INFO : S key is being held down
12/05/2017 12:08:58 PM : INFO : DOWN
12/05/2017 12:08:58 PM : INFO : S key is being held down
12/05/2017 12:08:58 PM : INFO : DOWN
12/05/2017 12:08:58 PM : INFO : S key is being held down
12/05/2017 12:08:58 PM : INFO : DOWN
12/05/2017 12:08:58 PM : INFO : S key is being held down
12/05/2017 12:08:58 PM : INFO : DOWN
12/05/2017 12:08:58 PM : INFO : S key is being held down
12/05/2017 12:08:58 PM : INFO : DOWN
12/05/2017 12:08:58 PM : INFO : S key is being held down
12/05/2017 12:08:58 PM : INFO : DOWN
12/05/2017 12:08:58 PM : INFO : S key is being held down
12/05/2017 12:08:58 PM : INFO : DOWN
12/05/2017 12:08:59 PM : INFO : S key is being held down
12/05/2017 12:08:59 PM : INFO : DOWN
12/05/2017 12:08:59 PM : INFO : S key is being held down
12/05/2017 12:08:59 PM : INFO : DOWN
12/05/2017 12:08:59 PM : INFO : S key is being held down
12/05/2017 12:08:59 PM : INFO : DOWN
12/05/2017 12:08:59 PM : INFO : S key is being held down
12/05/2017 12:08:59 PM : INFO : DOWN
12/05/2017 12:08:59 PM : INFO : S key is being held down
12/05/2017 12:08:59 PM : INFO : DOWN
12/05/2017 12:08:59 PM : INFO : S key is being held down
12/05/2017 12:08:59 PM : INFO : DOWN
12/05/2017 12:08:59 PM : INFO : S key is being held down
12/05/2017 12:08:59 PM : INFO : DOWN
12/05/2017 12:08:59 PM : INFO : S key is being held down
12/05/2017 12:08:59 PM : INFO : DOWN
12/05/2017 12:08:59 PM : INFO : S key is being held down
12/05/2017 12:08:59 PM : INFO : DOWN
12/05/2017 12:08:59 PM : INFO : S key is being held down
12/05/2017 12:08:59 PM : INFO : DOWN
12/05/2017 12:08:59 PM : INFO : S key is being held down
12/05/2017 12:08:59 PM : INFO : DOWN
12/05/2017 12:08:59 PM : INFO : S key is being held down
12/05/2017 12:08:59 PM : INFO : DOWN
12/05/2017 12:08:59 PM : INFO : S key is being held down
12/05/2017 12:08:59 PM : INFO : DOWN
12/05/2017 12:08:59 PM : INFO : S key is being held down
12/05/2017 12:08:59 PM : INFO : DOWN
12/05/2017 12:08:59 PM : INFO : S key is being held down
12/05/2017 12:08:59 PM : INFO : DOWN
12/05/2017 12:08:59 PM : INFO : S key is being held down
12/05/2017 12:08:59 PM : INFO : DOWN
12/05/2017 12:08:59 PM : INFO : S key is being held down
12/05/2017 12:08:59 PM : INFO : DOWN
12/05/2017 12:08:59 PM : INFO : S key is being held down
12/05/2017 12:08:59 PM : INFO : DOWN
12/05/2017 12:08:59 PM : INFO : S key is being held down
12/05/2017 12:08:59 PM : INFO : DOWN
12/05/2017 12:08:59 PM : INFO : S key is being held down
12/05/2017 12:08:59 PM : INFO : DOWN
12/05/2017 12:08:59 PM : INFO : S key is being held down
12/05/2017 12:08:59 PM : INFO : DOWN
12/05/2017 12:08:59 PM : INFO : S key is being held down
12/05/2017 12:08:59 PM : INFO : DOWN
12/05/2017 12:08:59 PM : INFO : S key is being held down
12/05/2017 12:08:59 PM : INFO : DOWN
12/05/2017 12:09:00 PM : INFO : S key is being held down
12/05/2017 12:09:00 PM : INFO : DOWN
12/05/2017 12:09:00 PM : INFO : S key is being held down
12/05/2017 12:09:00 PM : INFO : DOWN
12/05/2017 12:09:00 PM : INFO : S key is being held down
12/05/2017 12:09:00 PM : INFO : DOWN
12/05/2017 12:09:00 PM : INFO : S key is being held down
12/05/2017 12:09:00 PM : INFO : DOWN
12/05/2017 12:09:00 PM : INFO : S key is being held down
12/05/2017 12:09:00 PM : INFO : DOWN
12/05/2017 12:09:00 PM : INFO : S key is being held down
12/05/2017 12:09:00 PM : INFO : DOWN
12/05/2017 12:09:00 PM : INFO : S key is being held down
12/05/2017 12:09:00 PM : INFO : DOWN
12/05/2017 12:09:00 PM : INFO : S key is being held down
12/05/2017 12:09:00 PM : INFO : DOWN
12/05/2017 12:09:00 PM : INFO : S key is being held down
12/05/2017 12:09:00 PM : INFO : DOWN
12/05/2017 12:09:00 PM : INFO : S key is being held down
12/05/2017 12:09:00 PM : INFO : DOWN
12/05/2017 12:09:00 PM : INFO : S key is being held down
12/05/2017 12:09:00 PM : INFO : DOWN
12/05/2017 12:09:00 PM : INFO : S key is being held down
12/05/2017 12:09:00 PM : INFO : DOWN
12/05/2017 12:09:00 PM : INFO : S key is being held down
12/05/2017 12:09:00 PM : INFO : DOWN
12/05/2017 12:09:00 PM : INFO : S key is being held down
12/05/2017 12:09:00 PM : INFO : DOWN
12/05/2017 12:09:00 PM : INFO : S key is being held down
12/05/2017 12:09:00 PM : INFO : DOWN
12/05/2017 12:09:00 PM : INFO : S key is being held down
12/05/2017 12:09:00 PM : INFO : DOWN
12/05/2017 12:09:00 PM : INFO : S key is being held down
12/05/2017 12:09:00 PM : INFO : DOWN
12/05/2017 12:09:00 PM : INFO : S key is being held down
12/05/2017 12:09:00 PM : INFO : DOWN
12/05/2017 12:09:00 PM : INFO : S key is being held down
12/05/2017 12:09:00 PM : INFO : DOWN
12/05/2017 12:09:00 PM : INFO : S key was released
12/05/2017 12:09:01 PM : INFO : S key is being held down
12/05/2017 12:09:01 PM : INFO : DOWN
12/05/2017 12:09:01 PM : INFO : S key is being held down
12/05/2017 12:09:01 PM : INFO : DOWN
12/05/2017 12:09:01 PM : INFO : S key is being held down
12/05/2017 12:09:01 PM : INFO : DOWN
12/05/2017 12:09:01 PM : INFO : S key is being held down
12/05/2017 12:09:01 PM : INFO : DOWN
12/05/2017 12:09:01 PM : INFO : S key is being held down
12/05/2017 12:09:01 PM : INFO : DOWN
12/05/2017 12:09:01 PM : INFO : S key is being held down
12/05/2017 12:09:01 PM : INFO : DOWN
12/05/2017 12:09:01 PM : INFO : S key is being held down
12/05/2017 12:09:01 PM : INFO : DOWN
12/05/2017 12:09:01 PM : INFO : S key is being held down
12/05/2017 12:09:01 PM : INFO : DOWN
12/05/2017 12:09:01 PM : INFO : S key is being held down
12/05/2017 12:09:01 PM : INFO : DOWN
12/05/2017 12:09:01 PM : INFO : S key is being held down
12/05/2017 12:09:01 PM : INFO : DOWN
12/05/2017 12:09:01 PM : INFO : S key is being held down
12/05/2017 12:09:01 PM : INFO : DOWN
12/05/2017 12:09:02 PM : INFO : S key is being held down
12/05/2017 12:09:02 PM : INFO : DOWN
12/05/2017 12:09:02 PM : INFO : A key is being held down
12/05/2017 12:09:02 PM : INFO : LEFT
12/05/2017 12:09:02 PM : INFO : S key was released
12/05/2017 12:09:02 PM : INFO : A key is being held down
12/05/2017 12:09:02 PM : INFO : LEFT
12/05/2017 12:09:02 PM : INFO : A key is being held down
12/05/2017 12:09:02 PM : INFO : LEFT
12/05/2017 12:09:02 PM : INFO : A key is being held down
12/05/2017 12:09:02 PM : INFO : LEFT
12/05/2017 12:09:02 PM : INFO : A key is being held down
12/05/2017 12:09:02 PM : INFO : LEFT
12/05/2017 12:09:02 PM : INFO : A key is being held down
12/05/2017 12:09:02 PM : INFO : LEFT
12/05/2017 12:09:02 PM : INFO : A key is being held down
12/05/2017 12:09:02 PM : INFO : LEFT
12/05/2017 12:09:02 PM : INFO : A key is being held down
12/05/2017 12:09:02 PM : INFO : LEFT
12/05/2017 12:09:02 PM : INFO : A key is being held down
12/05/2017 12:09:02 PM : INFO : LEFT
12/05/2017 12:09:02 PM : INFO : A key is being held down
12/05/2017 12:09:02 PM : INFO : LEFT
12/05/2017 12:09:02 PM : INFO : A key is being held down
12/05/2017 12:09:02 PM : INFO : LEFT
12/05/2017 12:09:02 PM : INFO : A key is being held down
12/05/2017 12:09:02 PM : INFO : LEFT
12/05/2017 12:09:02 PM : INFO : A key is being held down
12/05/2017 12:09:02 PM : INFO : LEFT
12/05/2017 12:09:03 PM : INFO : A key is being held down
12/05/2017 12:09:03 PM : INFO : LEFT
12/05/2017 12:09:03 PM : INFO : A key is being held down
12/05/2017 12:09:03 PM : INFO : LEFT
12/05/2017 12:09:03 PM : INFO : A key is being held down
12/05/2017 12:09:03 PM : INFO : LEFT
12/05/2017 12:09:03 PM : INFO : A key is being held down
12/05/2017 12:09:03 PM : INFO : LEFT
12/05/2017 12:09:03 PM : INFO : A key is being held down
12/05/2017 12:09:03 PM : INFO : LEFT
12/05/2017 12:09:03 PM : INFO : A key is being held down
12/05/2017 12:09:03 PM : INFO : LEFT
12/05/2017 12:09:03 PM : INFO : A key is being held down
12/05/2017 12:09:03 PM : INFO : LEFT
12/05/2017 12:09:03 PM : INFO : A key is being held down
12/05/2017 12:09:03 PM : INFO : LEFT
12/05/2017 12:09:03 PM : INFO : A key is being held down
12/05/2017 12:09:03 PM : INFO : LEFT
12/05/2017 12:09:03 PM : INFO : A key is being held down
12/05/2017 12:09:03 PM : INFO : LEFT
12/05/2017 12:09:03 PM : INFO : A key is being held down
12/05/2017 12:09:03 PM : INFO : LEFT
12/05/2017 12:09:03 PM : INFO : A key is being held down
12/05/2017 12:09:03 PM : INFO : LEFT
12/05/2017 12:09:03 PM : INFO : A key is being held down
12/05/2017 12:09:03 PM : INFO : LEFT
12/05/2017 12:09:03 PM : INFO : A key is being held down
12/05/2017 12:09:03 PM : INFO : LEFT
12/05/2017 12:09:03 PM : INFO : A key is being held down
12/05/2017 12:09:03 PM : INFO : LEFT
12/05/2017 12:09:03 PM : INFO : A key is being held down
12/05/2017 12:09:03 PM : INFO : LEFT
12/05/2017 12:09:03 PM : INFO : A key is being held down
12/05/2017 12:09:03 PM : INFO : LEFT
12/05/2017 12:09:03 PM : INFO : A key is being held down
12/05/2017 12:09:03 PM : INFO : LEFT
12/05/2017 12:09:03 PM : INFO : A key is being held down
12/05/2017 12:09:03 PM : INFO : LEFT
12/05/2017 12:09:03 PM : INFO : A key is being held down
12/05/2017 12:09:03 PM : INFO : LEFT
12/05/2017 12:09:03 PM : INFO : A key is being held down
12/05/2017 12:09:03 PM : INFO : LEFT
12/05/2017 12:09:03 PM : INFO : A key is being held down
12/05/2017 12:09:03 PM : INFO : LEFT
12/05/2017 12:09:03 PM : INFO : A key is being held down
12/05/2017 12:09:03 PM : INFO : LEFT
12/05/2017 12:09:04 PM : INFO : A key is being held down
12/05/2017 12:09:04 PM : INFO : LEFT
12/05/2017 12:09:04 PM : INFO : A key is being held down
12/05/2017 12:09:04 PM : INFO : LEFT
12/05/2017 12:09:04 PM : INFO : A key is being held down
12/05/2017 12:09:04 PM : INFO : LEFT
12/05/2017 12:09:04 PM : INFO : A key is being held down
12/05/2017 12:09:04 PM : INFO : LEFT
12/05/2017 12:09:04 PM : INFO : A key is being held down
12/05/2017 12:09:04 PM : INFO : LEFT
12/05/2017 12:09:04 PM : INFO : A key is being held down
12/05/2017 12:09:04 PM : INFO : LEFT
12/05/2017 12:09:04 PM : INFO : A key is being held down
12/05/2017 12:09:04 PM : INFO : LEFT
12/05/2017 12:09:04 PM : INFO : A key is being held down
12/05/2017 12:09:04 PM : INFO : LEFT
12/05/2017 12:09:04 PM : INFO : A key is being held down
12/05/2017 12:09:04 PM : INFO : LEFT
12/05/2017 12:09:04 PM : INFO : A key is being held down
12/05/2017 12:09:04 PM : INFO : LEFT
12/05/2017 12:09:04 PM : INFO : A key is being held down
12/05/2017 12:09:04 PM : INFO : LEFT
12/05/2017 12:09:04 PM : INFO : A key is being held down
12/05/2017 12:09:04 PM : INFO : LEFT
12/05/2017 12:09:04 PM : INFO : A key is being held down
12/05/2017 12:09:04 PM : INFO : LEFT
12/05/2017 12:09:04 PM : INFO : A key is being held down
12/05/2017 12:09:04 PM : INFO : LEFT
12/05/2017 12:09:04 PM : INFO : A key is being held down
12/05/2017 12:09:04 PM : INFO : LEFT
12/05/2017 12:09:04 PM : INFO : A key is being held down
12/05/2017 12:09:04 PM : INFO : LEFT
12/05/2017 12:09:04 PM : INFO : A key is being held down
12/05/2017 12:09:04 PM : INFO : LEFT
12/05/2017 12:09:04 PM : INFO : A key is being held down
12/05/2017 12:09:04 PM : INFO : LEFT
12/05/2017 12:09:04 PM : INFO : A key is being held down
12/05/2017 12:09:04 PM : INFO : LEFT
12/05/2017 12:09:04 PM : INFO : A key is being held down
12/05/2017 12:09:04 PM : INFO : LEFT
12/05/2017 12:09:04 PM : INFO : A key is being held down
12/05/2017 12:09:04 PM : INFO : LEFT
12/05/2017 12:09:04 PM : INFO : A key is being held down
12/05/2017 12:09:04 PM : INFO : LEFT
12/05/2017 12:09:04 PM : INFO : A key is being held down
12/05/2017 12:09:04 PM : INFO : LEFT
12/05/2017 12:09:04 PM : INFO : A key is being held down
12/05/2017 12:09:04 PM : INFO : LEFT
12/05/2017 12:09:04 PM : INFO : A key is being held down
12/05/2017 12:09:04 PM : INFO : LEFT
12/05/2017 12:09:04 PM : INFO : A key is being held down
12/05/2017 12:09:04 PM : INFO : LEFT
12/05/2017 12:09:05 PM : INFO : A key is being held down
12/05/2017 12:09:05 PM : INFO : LEFT
12/05/2017 12:09:05 PM : INFO : A key is being held down
12/05/2017 12:09:05 PM : INFO : LEFT
12/05/2017 12:09:05 PM : INFO : A key is being held down
12/05/2017 12:09:05 PM : INFO : LEFT
12/05/2017 12:09:05 PM : INFO : A key is being held down
12/05/2017 12:09:05 PM : INFO : LEFT
12/05/2017 12:09:05 PM : INFO : A key is being held down
12/05/2017 12:09:05 PM : INFO : LEFT
12/05/2017 12:09:05 PM : INFO : A key is being held down
12/05/2017 12:09:05 PM : INFO : LEFT
12/05/2017 12:09:05 PM : INFO : A key is being held down
12/05/2017 12:09:05 PM : INFO : LEFT
12/05/2017 12:09:05 PM : INFO : A key is being held down
12/05/2017 12:09:05 PM : INFO : LEFT
12/05/2017 12:09:05 PM : INFO : A key is being held down
12/05/2017 12:09:05 PM : INFO : LEFT
12/05/2017 12:09:05 PM : INFO : A key is being held down
12/05/2017 12:09:05 PM : INFO : LEFT
12/05/2017 12:09:05 PM : INFO : A key is being held down
12/05/2017 12:09:05 PM : INFO : LEFT
12/05/2017 12:09:05 PM : INFO : A key is being held down
12/05/2017 12:09:05 PM : INFO : LEFT
12/05/2017 12:09:05 PM : INFO : A key is being held down
12/05/2017 12:09:05 PM : INFO : LEFT
12/05/2017 12:09:05 PM : INFO : A key is being held down
12/05/2017 12:09:05 PM : INFO : LEFT
12/05/2017 12:09:05 PM : INFO : A key is being held down
12/05/2017 12:09:05 PM : INFO : LEFT
12/05/2017 12:09:05 PM : INFO : A key is being held down
12/05/2017 12:09:05 PM : INFO : LEFT
12/05/2017 12:09:05 PM : INFO : A key is being held down
12/05/2017 12:09:05 PM : INFO : LEFT
12/05/2017 12:09:05 PM : INFO : A key is being held down
12/05/2017 12:09:05 PM : INFO : LEFT
12/05/2017 12:09:05 PM : INFO : A key is being held down
12/05/2017 12:09:05 PM : INFO : LEFT
12/05/2017 12:09:05 PM : INFO : A key is being held down
12/05/2017 12:09:05 PM : INFO : LEFT
12/05/2017 12:09:05 PM : INFO : A key is being held down
12/05/2017 12:09:05 PM : INFO : LEFT
12/05/2017 12:09:05 PM : INFO : A key is being held down
12/05/2017 12:09:05 PM : INFO : LEFT
12/05/2017 12:09:05 PM : INFO : A key is being held down
12/05/2017 12:09:05 PM : INFO : LEFT
12/05/2017 12:09:05 PM : INFO : A key is being held down
12/05/2017 12:09:05 PM : INFO : LEFT
12/05/2017 12:09:05 PM : INFO : A key is being held down
12/05/2017 12:09:05 PM : INFO : LEFT
12/05/2017 12:09:05 PM : INFO : A key is being held down
12/05/2017 12:09:05 PM : INFO : LEFT
12/05/2017 12:09:05 PM : INFO : A key is being held down
12/05/2017 12:09:05 PM : INFO : LEFT
12/05/2017 12:09:05 PM : INFO : A key is being held down
12/05/2017 12:09:05 PM : INFO : LEFT
12/05/2017 12:09:06 PM : INFO : A key is being held down
12/05/2017 12:09:06 PM : INFO : LEFT
12/05/2017 12:09:06 PM : INFO : A key is being held down
12/05/2017 12:09:06 PM : INFO : LEFT
12/05/2017 12:09:06 PM : INFO : A key is being held down
12/05/2017 12:09:06 PM : INFO : LEFT
12/05/2017 12:09:06 PM : INFO : A key is being held down
12/05/2017 12:09:06 PM : INFO : LEFT
12/05/2017 12:09:06 PM : INFO : A key is being held down
12/05/2017 12:09:06 PM : INFO : LEFT
12/05/2017 12:09:06 PM : INFO : A key is being held down
12/05/2017 12:09:06 PM : INFO : LEFT
12/05/2017 12:09:06 PM : INFO : A key is being held down
12/05/2017 12:09:06 PM : INFO : LEFT
12/05/2017 12:09:06 PM : INFO : A key is being held down
12/05/2017 12:09:06 PM : INFO : LEFT
12/05/2017 12:09:06 PM : INFO : A key is being held down
12/05/2017 12:09:06 PM : INFO : LEFT
12/05/2017 12:09:06 PM : INFO : A key is being held down
12/05/2017 12:09:06 PM : INFO : LEFT
12/05/2017 12:09:06 PM : INFO : A key is being held down
12/05/2017 12:09:06 PM : INFO : LEFT
12/05/2017 12:09:06 PM : INFO : A key is being held down
12/05/2017 12:09:06 PM : INFO : LEFT
12/05/2017 12:09:06 PM : INFO : A key is being held down
12/05/2017 12:09:06 PM : INFO : LEFT
12/05/2017 12:09:06 PM : INFO : A key is being held down
12/05/2017 12:09:06 PM : INFO : LEFT
12/05/2017 12:09:06 PM : INFO : A key is being held down
12/05/2017 12:09:06 PM : INFO : LEFT
12/05/2017 12:09:06 PM : INFO : A key is being held down
12/05/2017 12:09:06 PM : INFO : LEFT
12/05/2017 12:09:06 PM : INFO : A key is being held down
12/05/2017 12:09:06 PM : INFO : LEFT
12/05/2017 12:09:06 PM : INFO : A key is being held down
12/05/2017 12:09:06 PM : INFO : LEFT
12/05/2017 12:09:06 PM : INFO : A key is being held down
12/05/2017 12:09:06 PM : INFO : LEFT
12/05/2017 12:09:06 PM : INFO : A key is being held down
12/05/2017 12:09:06 PM : INFO : LEFT
12/05/2017 12:09:06 PM : INFO : A key is being held down
12/05/2017 12:09:06 PM : INFO : LEFT
12/05/2017 12:09:06 PM : INFO : A key is being held down
12/05/2017 12:09:06 PM : INFO : LEFT
12/05/2017 12:09:06 PM : INFO : A key is being held down
12/05/2017 12:09:06 PM : INFO : LEFT
12/05/2017 12:09:07 PM : INFO : A key is being held down
12/05/2017 12:09:07 PM : INFO : LEFT
12/05/2017 12:09:07 PM : INFO : A key is being held down
12/05/2017 12:09:07 PM : INFO : LEFT
12/05/2017 12:09:07 PM : INFO : A key is being held down
12/05/2017 12:09:07 PM : INFO : LEFT
12/05/2017 12:09:07 PM : INFO : A key is being held down
12/05/2017 12:09:07 PM : INFO : LEFT
12/05/2017 12:09:07 PM : INFO : A key is being held down
12/05/2017 12:09:07 PM : INFO : LEFT
12/05/2017 12:09:07 PM : INFO : A key is being held down
12/05/2017 12:09:07 PM : INFO : LEFT
12/05/2017 12:09:07 PM : INFO : A key is being held down
12/05/2017 12:09:07 PM : INFO : LEFT
12/05/2017 12:09:07 PM : INFO : A key is being held down
12/05/2017 12:09:07 PM : INFO : LEFT
12/05/2017 12:09:07 PM : INFO : A key is being held down
12/05/2017 12:09:07 PM : INFO : LEFT
12/05/2017 12:09:07 PM : INFO : A key is being held down
12/05/2017 12:09:07 PM : INFO : LEFT
12/05/2017 12:09:07 PM : INFO : A key is being held down
12/05/2017 12:09:07 PM : INFO : LEFT
12/05/2017 12:09:07 PM : INFO : A key is being held down
12/05/2017 12:09:07 PM : INFO : LEFT
12/05/2017 12:09:07 PM : INFO : A key is being held down
12/05/2017 12:09:07 PM : INFO : LEFT
12/05/2017 12:09:07 PM : INFO : A key is being held down
12/05/2017 12:09:07 PM : INFO : LEFT
12/05/2017 12:09:07 PM : INFO : A key is being held down
12/05/2017 12:09:07 PM : INFO : LEFT
12/05/2017 12:09:07 PM : INFO : A key is being held down
12/05/2017 12:09:07 PM : INFO : LEFT
12/05/2017 12:09:07 PM : INFO : A key is being held down
12/05/2017 12:09:07 PM : INFO : LEFT
12/05/2017 12:09:07 PM : INFO : A key is being held down
12/05/2017 12:09:07 PM : INFO : LEFT
12/05/2017 12:09:07 PM : INFO : A key is being held down
12/05/2017 12:09:07 PM : INFO : LEFT
12/05/2017 12:09:07 PM : INFO : A key is being held down
12/05/2017 12:09:07 PM : INFO : LEFT
12/05/2017 12:09:07 PM : INFO : A key is being held down
12/05/2017 12:09:07 PM : INFO : LEFT
12/05/2017 12:09:07 PM : INFO : W key is being held down
12/05/2017 12:09:07 PM : INFO : UP
12/05/2017 12:09:07 PM : INFO : A key was released
12/05/2017 12:09:08 PM : INFO : W key was released
12/05/2017 12:09:09 PM : INFO : ESCAPE key was pressed
12/05/2017 12:27:32 PM : INFO : 
12/05/2017 12:27:32 PM : INFO : --------------------------
12/05/2017 12:27:32 PM : INFO : 
12/05/2017 12:27:32 PM : INFO : New instance of EduGame.py
12/05/2017 12:27:32 PM : INFO : 
12/05/2017 12:27:32 PM : INFO : --------------------------
12/05/2017 12:27:32 PM : INFO : 
12/05/2017 12:27:32 PM : INFO : New instance of EduGame.py
12/05/2017 12:27:35 PM : INFO : [MM] - LOADING MAIN MENU
12/05/2017 12:27:35 PM : INFO : INIT DRAW
12/05/2017 12:27:36 PM : INFO : SPACE key was pressed
12/05/2017 12:27:36 PM : INFO : NEW GAME
12/05/2017 12:27:36 PM : INFO : LOADING GAME
12/05/2017 12:27:36 PM : INFO : INIT PLAYER
12/05/2017 12:28:06 PM : INFO : 
12/05/2017 12:28:06 PM : INFO : --------------------------
12/05/2017 12:28:06 PM : INFO : 
12/05/2017 12:28:06 PM : INFO : New instance of EduGame.py
12/05/2017 12:28:08 PM : INFO : 
12/05/2017 12:28:08 PM : INFO : --------------------------
12/05/2017 12:28:08 PM : INFO : 
12/05/2017 12:28:08 PM : INFO : New instance of EduGame.py
12/05/2017 12:28:08 PM : INFO : 
12/05/2017 12:28:08 PM : INFO : --------------------------
12/05/2017 12:28:08 PM : INFO : 
12/05/2017 12:28:08 PM : INFO : New instance of EduGame.py
12/05/2017 12:28:10 PM : INFO : [MM] - LOADING MAIN MENU
12/05/2017 12:28:10 PM : INFO : INIT DRAW
12/05/2017 12:28:10 PM : INFO : SPACE key was pressed
12/05/2017 12:28:10 PM : INFO : NEW GAME
12/05/2017 12:28:10 PM : INFO : LOADING GAME
12/05/2017 12:28:10 PM : INFO : INIT PLAYER
12/05/2017 12:28:36 PM : INFO : 
12/05/2017 12:28:36 PM : INFO : --------------------------
12/05/2017 12:28:36 PM : INFO : 
12/05/2017 12:28:36 PM : INFO : New instance of EduGame.py
12/05/2017 12:28:36 PM : INFO : 
12/05/2017 12:28:36 PM : INFO : --------------------------
12/05/2017 12:28:36 PM : INFO : 
12/05/2017 12:28:36 PM : INFO : New instance of EduGame.py
12/05/2017 12:28:39 PM : INFO : [MM] - LOADING MAIN MENU
12/05/2017 12:28:39 PM : INFO : INIT DRAW
12/05/2017 12:28:39 PM : INFO : SPACE key was pressed
12/05/2017 12:28:39 PM : INFO : NEW GAME
12/05/2017 12:28:39 PM : INFO : LOADING GAME
12/05/2017 12:28:39 PM : INFO : INIT PLAYER
12/05/2017 12:28:55 PM : INFO : 
12/05/2017 12:28:55 PM : INFO : --------------------------
12/05/2017 12:28:55 PM : INFO : 
12/05/2017 12:28:55 PM : INFO : New instance of EduGame.py
12/05/2017 12:28:55 PM : INFO : 
12/05/2017 12:28:55 PM : INFO : --------------------------
12/05/2017 12:28:55 PM : INFO : 
12/05/2017 12:28:55 PM : INFO : New instance of EduGame.py
12/05/2017 12:28:57 PM : INFO : [MM] - LOADING MAIN MENU
12/05/2017 12:28:57 PM : INFO : INIT DRAW
12/05/2017 12:28:57 PM : INFO : SPACE key was pressed
12/05/2017 12:28:57 PM : INFO : NEW GAME
12/05/2017 12:28:57 PM : INFO : LOADING GAME
12/05/2017 12:28:57 PM : INFO : INIT PLAYER
12/05/2017 12:57:32 PM : INFO : 
12/05/2017 12:57:32 PM : INFO : --------------------------
12/05/2017 12:57:32 PM : INFO : 
12/05/2017 12:57:32 PM : INFO : New instance of EduGame.py
12/05/2017 12:57:32 PM : INFO : 
12/05/2017 12:57:32 PM : INFO : --------------------------
12/05/2017 12:57:32 PM : INFO : 
12/05/2017 12:57:32 PM : INFO : New instance of EduGame.py
12/05/2017 12:57:34 PM : INFO : [MM] - LOADING MAIN MENU
12/05/2017 12:57:34 PM : INFO : INIT DRAW
12/05/2017 12:57:35 PM : INFO : SPACE key was pressed
12/05/2017 12:57:35 PM : INFO : NEW GAME
12/05/2017 12:57:35 PM : INFO : LOADING GAME
12/05/2017 12:57:35 PM : INFO : INIT PLAYER
12/05/2017 12:58:06 PM : INFO : 
12/05/2017 12:58:06 PM : INFO : --------------------------
12/05/2017 12:58:06 PM : INFO : 
12/05/2017 12:58:06 PM : INFO : New instance of EduGame.py
12/05/2017 12:58:06 PM : INFO : 
12/05/2017 12:58:06 PM : INFO : --------------------------
12/05/2017 12:58:06 PM : INFO : 
12/05/2017 12:58:06 PM : INFO : New instance of EduGame.py
12/05/2017 12:58:08 PM : INFO : [MM] - LOADING MAIN MENU
12/05/2017 12:58:08 PM : INFO : INIT DRAW
12/05/2017 12:58:09 PM : INFO : SPACE key was pressed
12/05/2017 12:58:09 PM : INFO : NEW GAME
12/05/2017 12:58:09 PM : INFO : LOADING GAME
12/05/2017 12:58:09 PM : INFO : INIT PLAYER
12/05/2017 12:58:51 PM : INFO : 
12/05/2017 12:58:51 PM : INFO : --------------------------
12/05/2017 12:58:51 PM : INFO : 
12/05/2017 12:58:51 PM : INFO : New instance of EduGame.py
12/05/2017 12:58:51 PM : INFO : 
12/05/2017 12:58:51 PM : INFO : --------------------------
12/05/2017 12:58:51 PM : INFO : 
12/05/2017 12:58:51 PM : INFO : New instance of EduGame.py
12/05/2017 12:58:53 PM : INFO : [MM] - LOADING MAIN MENU
12/05/2017 12:58:53 PM : INFO : INIT DRAW
12/05/2017 12:58:54 PM : INFO : SPACE key was pressed
12/05/2017 12:58:54 PM : INFO : NEW GAME
12/05/2017 12:58:54 PM : INFO : LOADING GAME
12/05/2017 12:58:54 PM : INFO : INIT PLAYER
12/05/2017 02:07:25 PM : INFO : 
12/05/2017 02:07:25 PM : INFO : --------------------------
12/05/2017 02:07:25 PM : INFO : 
12/05/2017 02:07:25 PM : INFO : New instance of EduGame.py
12/05/2017 02:07:30 PM : INFO : 
12/05/2017 02:07:30 PM : INFO : --------------------------
12/05/2017 02:07:30 PM : INFO : 
12/05/2017 02:07:30 PM : INFO : New instance of EduGame.py
12/05/2017 02:07:30 PM : INFO : 
12/05/2017 02:07:30 PM : INFO : --------------------------
12/05/2017 02:07:30 PM : INFO : 
12/05/2017 02:07:30 PM : INFO : New instance of EduGame.py
12/05/2017 02:07:32 PM : INFO : [MM] - LOADING MAIN MENU
12/05/2017 02:07:32 PM : INFO : INIT DRAW
12/05/2017 02:07:33 PM : INFO : SPACE key was pressed
12/05/2017 02:07:33 PM : INFO : NEW GAME
12/05/2017 02:07:33 PM : INFO : LOADING GAME
12/05/2017 02:07:33 PM : INFO : INIT PLAYER
12/07/2017 10:17:45 AM : INFO : 
12/07/2017 10:17:45 AM : INFO : --------------------------
12/07/2017 10:17:45 AM : INFO : 
12/07/2017 10:17:45 AM : INFO : New instance of EduGame.py
12/07/2017 10:17:45 AM : INFO : 
12/07/2017 10:17:45 AM : INFO : --------------------------
12/07/2017 10:17:45 AM : INFO : 
12/07/2017 10:17:45 AM : INFO : New instance of EduGame.py
12/07/2017 10:17:46 AM : INFO : [MM] - LOADING MAIN MENU
12/07/2017 10:17:46 AM : INFO : INIT DRAW
12/07/2017 10:17:49 AM : INFO : SPACE key was pressed
12/07/2017 10:17:49 AM : INFO : NEW GAME
12/07/2017 10:17:49 AM : INFO : LOADING GAME
12/07/2017 10:17:49 AM : INFO : INIT PLAYER
12/07/2017 10:17:58 AM : INFO : 
12/07/2017 10:17:58 AM : INFO : --------------------------
12/07/2017 10:17:58 AM : INFO : 
12/07/2017 10:17:58 AM : INFO : New instance of EduGame.py
12/07/2017 10:17:58 AM : INFO : 
12/07/2017 10:17:58 AM : INFO : --------------------------
12/07/2017 10:17:58 AM : INFO : 
12/07/2017 10:17:58 AM : INFO : New instance of EduGame.py
12/07/2017 10:17:59 AM : INFO : [MM] - LOADING MAIN MENU
12/07/2017 10:17:59 AM : INFO : INIT DRAW
12/07/2017 10:18:06 AM : INFO : S key was pressed
12/07/2017 10:18:06 AM : INFO : was 1, now 0. Exit is highlighted
12/07/2017 10:18:06 AM : INFO : 
12/07/2017 10:18:06 AM : INFO : W key was pressed
12/07/2017 10:18:06 AM : INFO : was 0, now 1. New Game is highlighted
12/07/2017 10:18:07 AM : INFO : 
12/07/2017 10:18:07 AM : INFO : SPACE key was pressed
12/07/2017 10:18:07 AM : INFO : NEW GAME
12/07/2017 10:18:07 AM : INFO : 
12/07/2017 10:18:07 AM : INFO : LOADING GAME
12/07/2017 10:18:07 AM : INFO : INIT PLAYER
12/07/2017 10:19:45 AM : INFO : 
12/07/2017 10:19:45 AM : INFO : --------------------------
12/07/2017 10:19:45 AM : INFO : 
12/07/2017 10:19:45 AM : INFO : New instance of EduGame.py
12/07/2017 10:19:45 AM : INFO : 
12/07/2017 10:19:45 AM : INFO : --------------------------
12/07/2017 10:19:45 AM : INFO : 
12/07/2017 10:19:45 AM : INFO : New instance of EduGame.py
12/07/2017 10:19:47 AM : INFO : [MM] - LOADING MAIN MENU
12/07/2017 10:19:47 AM : INFO : INIT DRAW
12/07/2017 10:19:48 AM : INFO : SPACE key was pressed
12/07/2017 10:19:48 AM : INFO : NEW GAME
12/07/2017 10:19:48 AM : INFO : 
12/07/2017 10:19:48 AM : INFO : LOADING GAME
12/07/2017 10:19:48 AM : INFO : INIT PLAYER
12/07/2017 10:20:03 AM : INFO : 
12/07/2017 10:20:03 AM : INFO : --------------------------
12/07/2017 10:20:03 AM : INFO : 
12/07/2017 10:20:03 AM : INFO : New instance of EduGame.py
12/07/2017 10:20:03 AM : INFO : 
12/07/2017 10:20:03 AM : INFO : --------------------------
12/07/2017 10:20:03 AM : INFO : 
12/07/2017 10:20:03 AM : INFO : New instance of EduGame.py
12/07/2017 10:20:04 AM : INFO : [MM] - LOADING MAIN MENU
12/07/2017 10:20:04 AM : INFO : INIT DRAW
12/07/2017 10:20:05 AM : INFO : SPACE key was pressed
12/07/2017 10:20:05 AM : INFO : NEW GAME
12/07/2017 10:20:05 AM : INFO : LOADING GAME
12/07/2017 10:20:05 AM : INFO : INIT PLAYER
12/07/2017 10:20:05 AM : INFO : Cannot load image: assets\player1.png
12/07/2017 10:22:06 AM : INFO : 
12/07/2017 10:22:06 AM : INFO : --------------------------
12/07/2017 10:22:06 AM : INFO : 
12/07/2017 10:22:06 AM : INFO : New instance of EduGame.py
12/07/2017 10:22:06 AM : INFO : 
12/07/2017 10:22:06 AM : INFO : --------------------------
12/07/2017 10:22:06 AM : INFO : 
12/07/2017 10:22:06 AM : INFO : New instance of EduGame.py
12/07/2017 10:22:08 AM : INFO : [MM] - LOADING MAIN MENU
12/07/2017 10:22:08 AM : INFO : INIT DRAW
12/07/2017 10:22:11 AM : INFO : W key was pressed
12/07/2017 10:22:11 AM : INFO : was 1, now 0. Exit is highlighted
12/07/2017 10:22:11 AM : INFO : 
12/07/2017 10:22:11 AM : INFO : SPACE key was pressed
12/07/2017 10:22:11 AM : INFO : EXIT GAME
12/07/2017 10:22:17 AM : INFO : 
12/07/2017 10:22:17 AM : INFO : --------------------------
12/07/2017 10:22:17 AM : INFO : 
12/07/2017 10:22:17 AM : INFO : New instance of EduGame.py
12/07/2017 10:22:17 AM : INFO : 
12/07/2017 10:22:17 AM : INFO : --------------------------
12/07/2017 10:22:17 AM : INFO : 
12/07/2017 10:22:17 AM : INFO : New instance of EduGame.py
12/07/2017 10:22:19 AM : INFO : [MM] - LOADING MAIN MENU
12/07/2017 10:22:19 AM : INFO : INIT DRAW
12/07/2017 10:22:19 AM : INFO : SPACE key was pressed
12/07/2017 10:22:19 AM : INFO : NEW GAME
12/07/2017 10:22:19 AM : INFO : LOADING GAME
12/07/2017 10:22:19 AM : INFO : INIT PLAYER
12/07/2017 10:22:19 AM : INFO : Cannot load image: assets\player1.png
12/07/2017 10:25:57 AM : INFO : 
12/07/2017 10:25:57 AM : INFO : --------------------------
12/07/2017 10:25:57 AM : INFO : 
12/07/2017 10:25:57 AM : INFO : New instance of EduGame.py
12/07/2017 10:26:03 AM : INFO : 
12/07/2017 10:26:03 AM : INFO : --------------------------
12/07/2017 10:26:03 AM : INFO : 
12/07/2017 10:26:03 AM : INFO : New instance of EduGame.py
12/07/2017 10:26:03 AM : INFO : 
12/07/2017 10:26:03 AM : INFO : --------------------------
12/07/2017 10:26:03 AM : INFO : 
12/07/2017 10:26:03 AM : INFO : New instance of EduGame.py
12/07/2017 10:26:05 AM : INFO : [MM] - LOADING MAIN MENU
12/07/2017 10:26:05 AM : INFO : INIT DRAW
12/07/2017 10:26:06 AM : INFO : SPACE key was pressed
12/07/2017 10:26:06 AM : INFO : NEW GAME
12/07/2017 10:26:06 AM : INFO : LOADING GAME
12/07/2017 10:26:06 AM : INFO : INIT PLAYER
12/07/2017 10:26:06 AM : INFO : Cannot load image: assets\player1.png
12/07/2017 10:27:11 AM : INFO : 
12/07/2017 10:27:11 AM : INFO : --------------------------
12/07/2017 10:27:11 AM : INFO : 
12/07/2017 10:27:11 AM : INFO : New instance of EduGame.py
12/07/2017 10:27:11 AM : INFO : 
12/07/2017 10:27:11 AM : INFO : --------------------------
12/07/2017 10:27:11 AM : INFO : 
12/07/2017 10:27:11 AM : INFO : New instance of EduGame.py
12/07/2017 10:27:13 AM : INFO : [MM] - LOADING MAIN MENU
12/07/2017 10:27:13 AM : INFO : INIT DRAW
12/07/2017 10:27:14 AM : INFO : SPACE key was pressed
12/07/2017 10:27:14 AM : INFO : NEW GAME
12/07/2017 10:27:14 AM : INFO : LOADING GAME
12/07/2017 10:27:14 AM : INFO : INIT PLAYER
12/07/2017 10:27:14 AM : INFO : Cannot load image: player1.png
12/07/2017 10:43:38 AM : INFO : 
12/07/2017 10:43:38 AM : INFO : --------------------------
12/07/2017 10:43:38 AM : INFO : 
12/07/2017 10:43:38 AM : INFO : New instance of EduGame.py
12/07/2017 10:43:38 AM : INFO : 
12/07/2017 10:43:38 AM : INFO : --------------------------
12/07/2017 10:43:38 AM : INFO : 
12/07/2017 10:43:38 AM : INFO : New instance of EduGame.py
12/07/2017 10:43:39 AM : INFO : [MM] - LOADING MAIN MENU
12/07/2017 10:43:39 AM : INFO : INIT DRAW
12/07/2017 10:43:40 AM : INFO : SPACE key was pressed
12/07/2017 10:43:40 AM : INFO : NEW GAME
12/07/2017 10:43:40 AM : INFO : LOADING GAME
12/07/2017 10:43:40 AM : INFO : INIT PLAYER
12/07/2017 10:43:40 AM : INFO : Cannot load image: player1.png
12/07/2017 10:44:08 AM : INFO : 
12/07/2017 10:44:08 AM : INFO : --------------------------
12/07/2017 10:44:08 AM : INFO : 
12/07/2017 10:44:08 AM : INFO : New instance of EduGame.py
12/07/2017 10:44:08 AM : INFO : 
12/07/2017 10:44:08 AM : INFO : --------------------------
12/07/2017 10:44:08 AM : INFO : 
12/07/2017 10:44:08 AM : INFO : New instance of EduGame.py
12/07/2017 10:44:10 AM : INFO : [MM] - LOADING MAIN MENU
12/07/2017 10:44:10 AM : INFO : INIT DRAW
12/07/2017 10:44:10 AM : INFO : SPACE key was pressed
12/07/2017 10:44:10 AM : INFO : NEW GAME
12/07/2017 10:44:10 AM : INFO : LOADING GAME
12/07/2017 10:44:10 AM : INFO : INIT PLAYER
12/07/2017 10:44:10 AM : INFO : Cannot load image: player1.png
12/07/2017 10:45:24 AM : INFO : 
12/07/2017 10:45:24 AM : INFO : --------------------------
12/07/2017 10:45:24 AM : INFO : 
12/07/2017 10:45:24 AM : INFO : New instance of EduGame.py
12/07/2017 10:45:24 AM : INFO : 
12/07/2017 10:45:24 AM : INFO : --------------------------
12/07/2017 10:45:24 AM : INFO : 
12/07/2017 10:45:24 AM : INFO : New instance of EduGame.py
12/07/2017 10:45:26 AM : INFO : [MM] - LOADING MAIN MENU
12/07/2017 10:45:26 AM : INFO : INIT DRAW
12/07/2017 10:45:28 AM : INFO : SPACE key was pressed
12/07/2017 10:45:28 AM : INFO : NEW GAME
12/07/2017 10:45:28 AM : INFO : LOADING GAME
12/07/2017 10:45:28 AM : INFO : INIT PLAYER
12/07/2017 10:45:28 AM : INFO : Cannot load image: assets\player1.png
12/07/2017 11:04:47 AM : INFO : 
12/07/2017 11:04:47 AM : INFO : --------------------------
12/07/2017 11:04:47 AM : INFO : 
12/07/2017 11:04:47 AM : INFO : New instance of EduGame.py
12/07/2017 11:04:47 AM : INFO : 
12/07/2017 11:04:47 AM : INFO : --------------------------
12/07/2017 11:04:47 AM : INFO : 
12/07/2017 11:04:47 AM : INFO : New instance of EduGame.py
12/07/2017 11:04:49 AM : INFO : [MM] - LOADING MAIN MENU
12/07/2017 11:04:49 AM : INFO : INIT DRAW
12/07/2017 11:04:49 AM : INFO : SPACE key was pressed
12/07/2017 11:04:49 AM : INFO : NEW GAME
12/07/2017 11:04:49 AM : INFO : LOADING GAME
12/07/2017 11:04:49 AM : INFO : INIT PLAYER
