12/17/2017 04:51:44 PM : INFO : 
12/17/2017 04:51:44 PM : INFO : --------------------------
12/17/2017 04:51:44 PM : INFO : 
12/17/2017 04:51:44 PM : INFO : New instance of mg-amar.py
12/17/2017 04:51:44 PM : INFO : LOADING MINIGAME AMAR
12/17/2017 11:14:48 PM : INFO : 
12/17/2017 11:14:48 PM : INFO : --------------------------
12/17/2017 11:14:48 PM : INFO : 
12/17/2017 11:14:48 PM : INFO : New instance of mg-amar.py
12/17/2017 11:14:49 PM : INFO : LOADING MINIGAME AMAR
12/17/2017 11:20:31 PM : INFO : 
12/17/2017 11:20:31 PM : INFO : --------------------------
12/17/2017 11:20:31 PM : INFO : 
12/17/2017 11:20:31 PM : INFO : New instance of mg-amar.py
12/17/2017 11:20:31 PM : INFO : LOADING MINIGAME AMAR
12/17/2017 11:21:24 PM : INFO : 
12/17/2017 11:21:24 PM : INFO : --------------------------
12/17/2017 11:21:24 PM : INFO : 
12/17/2017 11:21:24 PM : INFO : New instance of mg-amar.py
12/17/2017 11:21:25 PM : INFO : LOADING MINIGAME AMAR
12/17/2017 11:21:30 PM : INFO : ESCAPE key was pressed
12/17/2017 11:21:37 PM : INFO : 
12/17/2017 11:21:37 PM : INFO : --------------------------
12/17/2017 11:21:37 PM : INFO : 
12/17/2017 11:21:37 PM : INFO : New instance of mg-amar.py
12/17/2017 11:21:38 PM : INFO : LOADING MINIGAME AMAR
