11/21/2017 12:16:31 PM : INFO : 
11/21/2017 12:16:31 PM : INFO : --------------------------
11/21/2017 12:16:31 PM : INFO : 
11/21/2017 12:16:31 PM : INFO : New instance of EduGame.py
11/21/2017 12:16:34 PM : INFO : W
11/21/2017 12:16:34 PM : INFO : 
11/21/2017 12:16:34 PM : INFO : W
11/21/2017 12:16:35 PM : INFO : 
11/21/2017 12:16:35 PM : INFO : W
11/21/2017 12:16:35 PM : INFO : 
11/21/2017 12:16:35 PM : INFO : W
11/21/2017 12:16:35 PM : INFO : 
11/21/2017 12:16:35 PM : INFO : W
11/21/2017 12:16:36 PM : INFO : 
11/21/2017 12:16:36 PM : INFO : ESCAPE key was pressed
11/21/2017 12:17:00 PM : INFO : 
11/21/2017 12:17:00 PM : INFO : --------------------------
11/21/2017 12:17:00 PM : INFO : 
11/21/2017 12:17:00 PM : INFO : New instance of EduGame.py
11/21/2017 12:17:01 PM : INFO : W
11/21/2017 12:17:01 PM : INFO : W
11/21/2017 12:17:01 PM : INFO : 
11/21/2017 12:17:01 PM : INFO : W
11/21/2017 12:17:01 PM : INFO : 
11/21/2017 12:17:01 PM : INFO : W
11/21/2017 12:17:01 PM : INFO : 
11/21/2017 12:17:02 PM : INFO : 
11/21/2017 12:17:02 PM : INFO : W
11/21/2017 12:17:02 PM : INFO : W
11/21/2017 12:17:02 PM : INFO : 
11/21/2017 12:17:02 PM : INFO : W
11/21/2017 12:17:02 PM : INFO : 
11/21/2017 12:17:02 PM : INFO : W
11/21/2017 12:17:02 PM : INFO : 
11/21/2017 12:17:02 PM : INFO : W
11/21/2017 12:17:02 PM : INFO : 
11/21/2017 12:17:02 PM : INFO : W
11/21/2017 12:17:03 PM : INFO : 
11/21/2017 12:17:03 PM : INFO : W
11/21/2017 12:17:03 PM : INFO : 
11/21/2017 12:17:03 PM : INFO : W
11/21/2017 12:17:03 PM : INFO : 
11/21/2017 12:17:03 PM : INFO : W
11/21/2017 12:17:03 PM : INFO : 
11/21/2017 12:17:03 PM : INFO : W
11/21/2017 12:17:03 PM : INFO : 
11/21/2017 12:17:03 PM : INFO : W
11/21/2017 12:17:03 PM : INFO : 
11/21/2017 12:17:03 PM : INFO : 
11/21/2017 12:17:07 PM : INFO : ESCAPE key was pressed
11/21/2017 12:17:17 PM : INFO : 
11/21/2017 12:17:17 PM : INFO : --------------------------
11/21/2017 12:17:17 PM : INFO : 
11/21/2017 12:17:17 PM : INFO : New instance of EduGame.py
11/21/2017 12:17:18 PM : INFO : A
11/21/2017 12:17:18 PM : INFO : 
11/21/2017 12:17:18 PM : INFO : W
11/21/2017 12:17:19 PM : INFO : 
11/21/2017 12:17:19 PM : INFO : A
11/21/2017 12:17:19 PM : INFO : 
11/21/2017 12:17:20 PM : INFO : A
11/21/2017 12:17:20 PM : INFO : 
11/21/2017 12:17:20 PM : INFO : A
11/21/2017 12:17:20 PM : INFO : 
11/21/2017 12:17:21 PM : INFO : A
11/21/2017 12:17:21 PM : INFO : 
11/21/2017 12:17:36 PM : INFO : 
11/21/2017 12:17:36 PM : INFO : --------------------------
11/21/2017 12:17:36 PM : INFO : 
11/21/2017 12:17:36 PM : INFO : New instance of EduGame.py
11/21/2017 12:17:38 PM : INFO : A
11/21/2017 12:17:38 PM : INFO : 
11/21/2017 12:17:39 PM : INFO : W
11/21/2017 12:17:39 PM : INFO : 
11/21/2017 12:17:39 PM : INFO : W
11/21/2017 12:17:39 PM : INFO : 
11/21/2017 12:17:39 PM : INFO : A
11/21/2017 12:17:39 PM : INFO : 
11/21/2017 12:17:40 PM : INFO : S
11/21/2017 12:17:40 PM : INFO : 
11/21/2017 12:17:40 PM : INFO : D
11/21/2017 12:17:40 PM : INFO : 
11/21/2017 12:17:40 PM : INFO : W
11/21/2017 12:17:40 PM : INFO : 
11/21/2017 12:17:40 PM : INFO : A
11/21/2017 12:17:41 PM : INFO : S
11/21/2017 12:17:41 PM : INFO : 
11/21/2017 12:17:41 PM : INFO : 
11/21/2017 12:17:41 PM : INFO : D
11/21/2017 12:17:41 PM : INFO : 
11/21/2017 12:17:41 PM : INFO : W
11/21/2017 12:17:41 PM : INFO : 
11/21/2017 12:17:41 PM : INFO : A
11/21/2017 12:17:41 PM : INFO : S
11/21/2017 12:17:41 PM : INFO : 
11/21/2017 12:17:41 PM : INFO : D
11/21/2017 12:17:41 PM : INFO : 
11/21/2017 12:17:41 PM : INFO : 
11/21/2017 12:17:41 PM : INFO : W
11/21/2017 12:17:41 PM : INFO : 
11/21/2017 12:17:42 PM : INFO : A
11/21/2017 12:17:42 PM : INFO : 
11/21/2017 12:17:42 PM : INFO : S
11/21/2017 12:17:42 PM : INFO : 
11/21/2017 12:17:42 PM : INFO : D
11/21/2017 12:17:42 PM : INFO : 
11/21/2017 12:17:43 PM : INFO : ESCAPE key was pressed
11/21/2017 12:19:51 PM : INFO : 
11/21/2017 12:19:51 PM : INFO : --------------------------
11/21/2017 12:19:51 PM : INFO : 
11/21/2017 12:19:51 PM : INFO : New instance of EduGame.py
11/21/2017 12:19:53 PM : INFO : W
11/21/2017 12:19:53 PM : INFO : 
11/21/2017 12:19:54 PM : INFO : 
11/21/2017 12:19:55 PM : INFO : W
11/21/2017 12:19:55 PM : INFO : 
11/21/2017 12:19:55 PM : INFO : A
11/21/2017 12:19:55 PM : INFO : 
11/21/2017 12:19:56 PM : INFO : S
11/21/2017 12:19:56 PM : INFO : 
11/21/2017 12:19:56 PM : INFO : D
11/21/2017 12:19:56 PM : INFO : 
11/21/2017 12:19:57 PM : INFO : 
11/21/2017 12:19:57 PM : INFO : 
11/21/2017 12:19:58 PM : INFO : 
11/21/2017 12:19:58 PM : INFO : W
11/21/2017 12:19:58 PM : INFO : 
11/21/2017 12:19:58 PM : INFO : W
11/21/2017 12:19:58 PM : INFO : 
11/21/2017 12:20:00 PM : INFO : ESCAPE key was pressed
11/21/2017 12:40:37 PM : INFO : 
11/21/2017 12:40:37 PM : INFO : --------------------------
11/21/2017 12:40:37 PM : INFO : 
11/21/2017 12:40:37 PM : INFO : New instance of EduGame.py
11/21/2017 12:40:45 PM : INFO : W
11/21/2017 12:40:45 PM : INFO : 
11/21/2017 12:40:45 PM : INFO : A
11/21/2017 12:40:45 PM : INFO : 
11/21/2017 12:40:45 PM : INFO : S
11/21/2017 12:40:45 PM : INFO : 
11/21/2017 12:40:46 PM : INFO : D
11/21/2017 12:40:46 PM : INFO : 
11/21/2017 12:40:47 PM : INFO : W
11/21/2017 12:40:47 PM : INFO : 
11/21/2017 12:40:47 PM : INFO : A
11/21/2017 12:40:47 PM : INFO : 
11/21/2017 12:40:47 PM : INFO : S
11/21/2017 12:40:47 PM : INFO : 
11/21/2017 12:40:48 PM : INFO : W
11/21/2017 12:40:48 PM : INFO : 
11/21/2017 12:40:48 PM : INFO : W
11/21/2017 12:40:48 PM : INFO : S
11/21/2017 12:40:48 PM : INFO : 
11/21/2017 12:40:48 PM : INFO : 
11/21/2017 12:40:48 PM : INFO : S
11/21/2017 12:40:48 PM : INFO : 
11/21/2017 12:40:48 PM : INFO : A
11/21/2017 12:40:48 PM : INFO : 
11/21/2017 12:40:49 PM : INFO : ESCAPE key was pressed
11/21/2017 01:35:28 PM : INFO : 
11/21/2017 01:35:28 PM : INFO : --------------------------
11/21/2017 01:35:28 PM : INFO : 
11/21/2017 01:35:28 PM : INFO : New instance of EduGame.py
11/21/2017 01:36:16 PM : INFO : 
11/21/2017 01:36:16 PM : INFO : --------------------------
11/21/2017 01:36:16 PM : INFO : 
11/21/2017 01:36:16 PM : INFO : New instance of EduGame.py
11/21/2017 01:38:56 PM : INFO : 
11/21/2017 01:38:56 PM : INFO : --------------------------
11/21/2017 01:38:56 PM : INFO : 
11/21/2017 01:38:56 PM : INFO : New instance of EduGame.py
11/21/2017 01:39:06 PM : INFO : W
11/21/2017 01:39:06 PM : INFO : 
11/21/2017 01:39:06 PM : INFO : A
11/21/2017 01:39:06 PM : INFO : S
11/21/2017 01:39:06 PM : INFO : 
11/21/2017 01:39:06 PM : INFO : 
11/21/2017 01:39:07 PM : INFO : D
11/21/2017 01:39:07 PM : INFO : 
11/21/2017 01:39:07 PM : INFO : W
11/21/2017 01:39:07 PM : INFO : 
11/21/2017 01:39:08 PM : INFO : A
11/21/2017 01:39:08 PM : INFO : 
11/21/2017 01:39:08 PM : INFO : S
11/21/2017 01:39:08 PM : INFO : 
11/21/2017 01:39:21 PM : INFO : 
11/21/2017 01:39:21 PM : INFO : --------------------------
11/21/2017 01:39:21 PM : INFO : 
11/21/2017 01:39:21 PM : INFO : New instance of EduGame.py
11/21/2017 01:39:22 PM : INFO : A
11/21/2017 01:39:22 PM : INFO : 
11/21/2017 01:39:22 PM : INFO : W
11/21/2017 01:39:22 PM : INFO : 
11/21/2017 01:39:23 PM : INFO : W
11/21/2017 01:39:23 PM : INFO : 
11/21/2017 01:39:23 PM : INFO : A
11/21/2017 01:39:23 PM : INFO : 
11/21/2017 01:39:23 PM : INFO : S
11/21/2017 01:39:23 PM : INFO : 
11/21/2017 01:39:24 PM : INFO : D
11/21/2017 01:39:24 PM : INFO : 
11/21/2017 01:39:24 PM : INFO : W
11/21/2017 01:39:24 PM : INFO : 
11/21/2017 01:39:24 PM : INFO : A
11/21/2017 01:39:24 PM : INFO : 
11/21/2017 01:39:25 PM : INFO : S
11/21/2017 01:39:25 PM : INFO : 
11/21/2017 01:39:25 PM : INFO : 
11/21/2017 01:39:26 PM : INFO : 
11/21/2017 01:39:26 PM : INFO : 
11/21/2017 01:39:26 PM : INFO : 
11/21/2017 01:39:27 PM : INFO : 
11/21/2017 01:39:27 PM : INFO : S
11/21/2017 01:39:27 PM : INFO : 
11/21/2017 01:39:27 PM : INFO : 
11/21/2017 01:39:28 PM : INFO : D
11/21/2017 01:39:28 PM : INFO : 
11/21/2017 01:39:28 PM : INFO : 
11/21/2017 01:39:29 PM : INFO : ESCAPE key was pressed
11/21/2017 01:39:42 PM : INFO : 
11/21/2017 01:39:42 PM : INFO : --------------------------
11/21/2017 01:39:42 PM : INFO : 
11/21/2017 01:39:42 PM : INFO : New instance of EduGame.py
11/21/2017 01:39:48 PM : INFO : W
11/21/2017 01:39:48 PM : INFO : 
11/21/2017 01:39:48 PM : INFO : A
11/21/2017 01:39:48 PM : INFO : 
11/21/2017 01:39:48 PM : INFO : S
11/21/2017 01:39:48 PM : INFO : D
11/21/2017 01:39:48 PM : INFO : 
11/21/2017 01:39:48 PM : INFO : 
11/21/2017 01:39:49 PM : INFO : W
11/21/2017 01:39:49 PM : INFO : 
11/21/2017 01:39:49 PM : INFO : A
11/21/2017 01:39:49 PM : INFO : 
11/21/2017 01:39:49 PM : INFO : S
11/21/2017 01:39:49 PM : INFO : 
11/21/2017 01:39:49 PM : INFO : D
11/21/2017 01:39:49 PM : INFO : 
11/21/2017 01:39:50 PM : INFO : ESCAPE key was pressed
11/25/2017 11:34:21 AM : INFO : 
11/25/2017 11:34:21 AM : INFO : --------------------------
11/25/2017 11:34:21 AM : INFO : 
11/25/2017 11:34:21 AM : INFO : New instance of EduGame.py
11/25/2017 11:34:24 AM : INFO : ESCAPE key was pressed
11/25/2017 11:34:28 AM : INFO : 
11/25/2017 11:34:28 AM : INFO : --------------------------
11/25/2017 11:34:28 AM : INFO : 
11/25/2017 11:34:28 AM : INFO : New instance of EduGame.py
11/25/2017 11:34:30 AM : INFO : W
11/25/2017 11:34:30 AM : INFO : A
11/25/2017 11:34:30 AM : INFO : 
11/25/2017 11:34:30 AM : INFO : S
11/25/2017 11:34:30 AM : INFO : 
11/25/2017 11:34:30 AM : INFO : D
11/25/2017 11:34:31 AM : INFO : 
11/25/2017 11:34:31 AM : INFO : 
11/25/2017 11:34:31 AM : INFO : ESCAPE key was pressed
11/25/2017 11:37:03 AM : INFO : 
11/25/2017 11:37:03 AM : INFO : --------------------------
11/25/2017 11:37:03 AM : INFO : 
11/25/2017 11:37:03 AM : INFO : New instance of EduGame.py
11/25/2017 11:37:21 AM : INFO : 
11/25/2017 11:37:21 AM : INFO : --------------------------
11/25/2017 11:37:21 AM : INFO : 
11/25/2017 11:37:21 AM : INFO : New instance of EduGame.py
11/25/2017 11:37:24 AM : INFO : ESCAPE key was pressed
11/25/2017 02:22:04 PM : INFO : 
11/25/2017 02:22:04 PM : INFO : --------------------------
11/25/2017 02:22:04 PM : INFO : 
11/25/2017 02:22:04 PM : INFO : New instance of EduGame.py
11/25/2017 02:22:26 PM : INFO : 
11/25/2017 02:22:26 PM : INFO : --------------------------
11/25/2017 02:22:26 PM : INFO : 
11/25/2017 02:22:26 PM : INFO : New instance of EduGame.py
11/25/2017 02:22:59 PM : INFO : 
11/25/2017 02:22:59 PM : INFO : --------------------------
11/25/2017 02:22:59 PM : INFO : 
11/25/2017 02:22:59 PM : INFO : New instance of EduGame.py
11/25/2017 02:33:53 PM : INFO : 
11/25/2017 02:33:53 PM : INFO : --------------------------
11/25/2017 02:33:53 PM : INFO : 
11/25/2017 02:33:53 PM : INFO : New instance of EduGame.py
11/25/2017 02:36:05 PM : INFO : 
11/25/2017 02:36:05 PM : INFO : --------------------------
11/25/2017 02:36:05 PM : INFO : 
11/25/2017 02:36:05 PM : INFO : New instance of EduGame.py
11/25/2017 02:38:39 PM : INFO : 
11/25/2017 02:38:39 PM : INFO : --------------------------
11/25/2017 02:38:39 PM : INFO : 
11/25/2017 02:38:39 PM : INFO : New instance of EduGame.py
11/25/2017 02:40:01 PM : INFO : 
11/25/2017 02:40:01 PM : INFO : --------------------------
11/25/2017 02:40:01 PM : INFO : 
11/25/2017 02:40:01 PM : INFO : New instance of EduGame.py
11/25/2017 02:40:20 PM : INFO : 
11/25/2017 02:40:20 PM : INFO : --------------------------
11/25/2017 02:40:20 PM : INFO : 
11/25/2017 02:40:20 PM : INFO : New instance of EduGame.py
11/25/2017 02:42:16 PM : INFO : 
11/25/2017 02:42:16 PM : INFO : --------------------------
11/25/2017 02:42:16 PM : INFO : 
11/25/2017 02:42:16 PM : INFO : New instance of EduGame.py
11/25/2017 02:42:18 PM : INFO : 
11/25/2017 02:42:18 PM : INFO : 
11/25/2017 02:42:18 PM : INFO : ESCAPE key was pressed
11/25/2017 02:47:07 PM : INFO : 
11/25/2017 02:47:07 PM : INFO : --------------------------
11/25/2017 02:47:07 PM : INFO : 
11/25/2017 02:47:07 PM : INFO : New instance of EduGame.py
11/25/2017 02:47:11 PM : INFO : A
11/25/2017 02:47:11 PM : INFO : W
11/25/2017 02:47:11 PM : INFO : 
11/25/2017 02:47:11 PM : INFO : D
11/25/2017 02:47:11 PM : INFO : 
11/25/2017 02:47:11 PM : INFO : 
11/25/2017 02:47:12 PM : INFO : A
11/25/2017 02:47:12 PM : INFO : S
11/25/2017 02:47:12 PM : INFO : 
11/25/2017 02:47:12 PM : INFO : D
11/25/2017 02:47:12 PM : INFO : 
11/25/2017 02:47:12 PM : INFO : 
11/25/2017 02:47:12 PM : INFO : A
11/25/2017 02:47:12 PM : INFO : 
11/25/2017 02:47:12 PM : INFO : ESCAPE key was pressed
11/25/2017 02:59:43 PM : INFO : 
11/25/2017 02:59:43 PM : INFO : --------------------------
11/25/2017 02:59:43 PM : INFO : 
11/25/2017 02:59:43 PM : INFO : New instance of EduGame.py
11/25/2017 03:00:17 PM : INFO : 
11/25/2017 03:00:17 PM : INFO : --------------------------
11/25/2017 03:00:17 PM : INFO : 
11/25/2017 03:00:17 PM : INFO : New instance of EduGame.py
11/25/2017 03:00:44 PM : INFO : 
11/25/2017 03:00:44 PM : INFO : --------------------------
11/25/2017 03:00:44 PM : INFO : 
11/25/2017 03:00:44 PM : INFO : New instance of EduGame.py
11/25/2017 03:01:16 PM : INFO : 
11/25/2017 03:01:16 PM : INFO : --------------------------
11/25/2017 03:01:16 PM : INFO : 
11/25/2017 03:01:16 PM : INFO : New instance of EduGame.py
11/25/2017 03:02:02 PM : INFO : ESCAPE key was pressed
11/25/2017 03:02:04 PM : INFO : 
11/25/2017 03:02:04 PM : INFO : --------------------------
11/25/2017 03:02:04 PM : INFO : 
11/25/2017 03:02:04 PM : INFO : New instance of EduGame.py
11/25/2017 03:29:44 PM : INFO : 
11/25/2017 03:29:44 PM : INFO : --------------------------
11/25/2017 03:29:44 PM : INFO : 
11/25/2017 03:29:44 PM : INFO : New instance of EduGame.py
11/25/2017 03:30:05 PM : INFO : 
11/25/2017 03:30:05 PM : INFO : --------------------------
11/25/2017 03:30:05 PM : INFO : 
11/25/2017 03:30:05 PM : INFO : New instance of EduGame.py
11/25/2017 03:30:40 PM : INFO : 
11/25/2017 03:30:40 PM : INFO : --------------------------
11/25/2017 03:30:40 PM : INFO : 
11/25/2017 03:30:40 PM : INFO : New instance of EduGame.py
11/25/2017 03:34:58 PM : INFO : 
11/25/2017 03:34:58 PM : INFO : --------------------------
11/25/2017 03:34:58 PM : INFO : 
11/25/2017 03:34:58 PM : INFO : New instance of EduGame.py
11/25/2017 03:41:10 PM : INFO : 
11/25/2017 03:41:10 PM : INFO : --------------------------
11/25/2017 03:41:10 PM : INFO : 
11/25/2017 03:41:10 PM : INFO : New instance of EduGame.py
11/25/2017 03:41:12 PM : INFO : W key was pressed
11/25/2017 03:41:12 PM : INFO : 
11/25/2017 03:41:12 PM : INFO : S key was pressed
11/25/2017 03:41:13 PM : INFO : 
11/25/2017 03:41:13 PM : INFO : D key was pressed
11/25/2017 03:41:13 PM : INFO : 
11/25/2017 03:41:13 PM : INFO : A key was pressed
11/25/2017 03:41:13 PM : INFO : 
11/25/2017 03:41:13 PM : INFO : W key was pressed
11/25/2017 03:41:13 PM : INFO : 
11/25/2017 03:41:13 PM : INFO : D key was pressed
11/25/2017 03:41:14 PM : INFO : 
11/25/2017 03:41:17 PM : INFO : A key was pressed
11/25/2017 03:41:17 PM : INFO : W key was pressed
11/25/2017 03:41:17 PM : INFO : 
11/25/2017 03:41:17 PM : INFO : D key was pressed
11/25/2017 03:41:17 PM : INFO : 
11/25/2017 03:41:17 PM : INFO : S key was pressed
11/25/2017 03:41:17 PM : INFO : 
11/25/2017 03:41:17 PM : INFO : A key was pressed
11/25/2017 03:41:17 PM : INFO : 
11/25/2017 03:41:17 PM : INFO : 
11/25/2017 03:41:17 PM : INFO : W key was pressed
11/25/2017 03:41:18 PM : INFO : D key was pressed
11/25/2017 03:41:18 PM : INFO : 
11/25/2017 03:41:18 PM : INFO : 
11/25/2017 03:41:57 PM : INFO : 
11/25/2017 03:41:57 PM : INFO : --------------------------
11/25/2017 03:41:57 PM : INFO : 
11/25/2017 03:41:57 PM : INFO : New instance of EduGame.py
11/25/2017 03:41:59 PM : INFO : W key was pressed
11/25/2017 03:41:59 PM : INFO : 
11/25/2017 03:41:59 PM : INFO : W key was pressed
11/25/2017 03:41:59 PM : INFO : 
11/25/2017 03:42:00 PM : INFO : W key was pressed
11/25/2017 03:42:00 PM : INFO : 
11/25/2017 03:42:00 PM : INFO : W key was pressed
11/25/2017 03:42:00 PM : INFO : 
11/25/2017 03:42:00 PM : INFO : W key was pressed
11/25/2017 03:42:00 PM : INFO : 
11/25/2017 03:42:00 PM : INFO : W key was pressed
11/25/2017 03:42:00 PM : INFO : 
11/25/2017 03:42:00 PM : INFO : W key was pressed
11/25/2017 03:42:01 PM : INFO : 
11/25/2017 03:42:01 PM : INFO : W key was pressed
11/25/2017 03:42:01 PM : INFO : 
11/25/2017 03:42:01 PM : INFO : W key was pressed
11/25/2017 03:42:01 PM : INFO : 
11/25/2017 03:42:01 PM : INFO : W key was pressed
11/25/2017 03:42:02 PM : INFO : 
11/25/2017 03:42:02 PM : INFO : W key was pressed
11/25/2017 03:42:02 PM : INFO : 
11/25/2017 03:42:02 PM : INFO : W key was pressed
11/25/2017 03:42:02 PM : INFO : 
11/25/2017 03:42:02 PM : INFO : W key was pressed
11/25/2017 03:42:02 PM : INFO : 
11/25/2017 03:42:02 PM : INFO : W key was pressed
11/25/2017 03:42:03 PM : INFO : 
11/25/2017 03:42:03 PM : INFO : W key was pressed
11/25/2017 03:42:03 PM : INFO : 
11/25/2017 03:42:03 PM : INFO : W key was pressed
11/25/2017 03:42:03 PM : INFO : 
11/25/2017 03:42:03 PM : INFO : W key was pressed
11/25/2017 03:42:03 PM : INFO : 
11/25/2017 03:42:03 PM : INFO : W key was pressed
11/25/2017 03:42:03 PM : INFO : 
11/25/2017 03:42:03 PM : INFO : W key was pressed
11/25/2017 03:42:03 PM : INFO : 
11/25/2017 03:42:03 PM : INFO : W key was pressed
11/25/2017 03:42:03 PM : INFO : 
11/25/2017 03:42:58 PM : INFO : 
11/25/2017 03:42:58 PM : INFO : --------------------------
11/25/2017 03:42:58 PM : INFO : 
11/25/2017 03:42:58 PM : INFO : New instance of EduGame.py
11/25/2017 03:42:59 PM : INFO : D key was pressed
11/25/2017 03:42:59 PM : INFO : 
11/25/2017 03:42:59 PM : INFO : D key was pressed
11/25/2017 03:42:59 PM : INFO : 
11/25/2017 03:42:59 PM : INFO : D key was pressed
11/25/2017 03:43:00 PM : INFO : 
11/25/2017 03:43:00 PM : INFO : D key was pressed
11/25/2017 03:43:00 PM : INFO : 
11/25/2017 03:43:00 PM : INFO : A key was pressed
11/25/2017 03:43:00 PM : INFO : 
11/25/2017 03:43:00 PM : INFO : A key was pressed
11/25/2017 03:43:00 PM : INFO : 
11/25/2017 03:43:00 PM : INFO : A key was pressed
11/25/2017 03:43:01 PM : INFO : 
11/25/2017 03:43:01 PM : INFO : A key was pressed
11/25/2017 03:43:02 PM : INFO : 
11/25/2017 03:43:02 PM : INFO : A key was pressed
11/25/2017 03:43:02 PM : INFO : 
11/25/2017 03:43:02 PM : INFO : A key was pressed
11/25/2017 03:43:02 PM : INFO : 
11/25/2017 03:43:02 PM : INFO : A key was pressed
11/25/2017 03:43:02 PM : INFO : 
11/25/2017 03:43:02 PM : INFO : A key was pressed
11/25/2017 03:43:02 PM : INFO : 
11/25/2017 03:43:02 PM : INFO : A key was pressed
11/25/2017 03:43:02 PM : INFO : 
11/25/2017 03:43:02 PM : INFO : A key was pressed
11/25/2017 03:43:02 PM : INFO : 
11/25/2017 03:43:03 PM : INFO : A key was pressed
11/25/2017 03:43:03 PM : INFO : 
11/25/2017 03:43:03 PM : INFO : A key was pressed
11/25/2017 03:43:03 PM : INFO : 
11/25/2017 03:43:03 PM : INFO : A key was pressed
11/25/2017 03:43:03 PM : INFO : 
11/25/2017 03:43:03 PM : INFO : A key was pressed
11/25/2017 03:43:03 PM : INFO : 
11/25/2017 03:43:03 PM : INFO : A key was pressed
11/25/2017 03:43:03 PM : INFO : 
11/25/2017 03:43:03 PM : INFO : A key was pressed
11/25/2017 03:43:03 PM : INFO : 
11/25/2017 03:43:03 PM : INFO : D key was pressed
11/25/2017 03:43:03 PM : INFO : 
11/25/2017 03:43:04 PM : INFO : A key was pressed
11/25/2017 03:43:04 PM : INFO : 
11/25/2017 03:43:05 PM : INFO : A key was pressed
11/25/2017 03:43:05 PM : INFO : 
11/25/2017 03:43:05 PM : INFO : A key was pressed
11/25/2017 03:43:05 PM : INFO : 
11/25/2017 03:43:05 PM : INFO : A key was pressed
11/25/2017 03:43:05 PM : INFO : 
11/25/2017 03:43:05 PM : INFO : A key was pressed
11/25/2017 03:43:05 PM : INFO : 
11/25/2017 03:43:05 PM : INFO : S key was pressed
11/25/2017 03:43:05 PM : INFO : 
11/25/2017 03:43:05 PM : INFO : S key was pressed
11/25/2017 03:43:05 PM : INFO : 
11/25/2017 03:43:06 PM : INFO : S key was pressed
11/25/2017 03:43:06 PM : INFO : 
11/25/2017 03:43:06 PM : INFO : S key was pressed
11/25/2017 03:43:06 PM : INFO : 
11/25/2017 03:43:06 PM : INFO : S key was pressed
11/25/2017 03:43:06 PM : INFO : 
11/25/2017 03:43:06 PM : INFO : W key was pressed
11/25/2017 03:43:06 PM : INFO : 
11/25/2017 03:43:06 PM : INFO : W key was pressed
11/25/2017 03:43:06 PM : INFO : 
11/25/2017 03:43:06 PM : INFO : S key was pressed
11/25/2017 03:43:06 PM : INFO : 
11/25/2017 03:43:07 PM : INFO : S key was pressed
11/25/2017 03:43:07 PM : INFO : 
11/25/2017 03:43:07 PM : INFO : W key was pressed
11/25/2017 03:43:07 PM : INFO : 
11/25/2017 03:43:07 PM : INFO : S key was pressed
11/25/2017 03:43:07 PM : INFO : 
11/25/2017 03:43:11 PM : INFO : D key was pressed
11/25/2017 03:43:11 PM : INFO : 
11/25/2017 03:43:11 PM : INFO : D key was pressed
11/25/2017 03:43:11 PM : INFO : 
11/25/2017 03:43:12 PM : INFO : D key was pressed
11/25/2017 03:43:12 PM : INFO : 
11/25/2017 03:43:12 PM : INFO : D key was pressed
11/25/2017 03:43:12 PM : INFO : 
11/25/2017 03:43:12 PM : INFO : D key was pressed
11/25/2017 03:43:12 PM : INFO : 
11/25/2017 03:43:15 PM : INFO : ESCAPE key was pressed
11/25/2017 03:43:27 PM : INFO : 
11/25/2017 03:43:27 PM : INFO : --------------------------
11/25/2017 03:43:27 PM : INFO : 
11/25/2017 03:43:27 PM : INFO : New instance of EduGame.py
11/25/2017 03:43:28 PM : INFO : D key was pressed
11/25/2017 03:43:29 PM : INFO : 
11/25/2017 03:43:29 PM : INFO : D key was pressed
11/25/2017 03:43:29 PM : INFO : 
11/25/2017 03:43:29 PM : INFO : D key was pressed
11/25/2017 03:43:29 PM : INFO : 
11/25/2017 03:43:29 PM : INFO : D key was pressed
11/25/2017 03:43:29 PM : INFO : 
11/25/2017 03:43:29 PM : INFO : D key was pressed
11/25/2017 03:43:29 PM : INFO : 
11/25/2017 03:43:30 PM : INFO : D key was pressed
11/25/2017 03:43:30 PM : INFO : 
11/25/2017 03:43:30 PM : INFO : D key was pressed
11/25/2017 03:43:30 PM : INFO : 
11/25/2017 03:43:30 PM : INFO : S key was pressed
11/25/2017 03:43:30 PM : INFO : 
11/25/2017 03:43:30 PM : INFO : S key was pressed
11/25/2017 03:43:30 PM : INFO : 
11/25/2017 03:43:30 PM : INFO : S key was pressed
11/25/2017 03:43:30 PM : INFO : 
11/25/2017 03:43:30 PM : INFO : S key was pressed
11/25/2017 03:43:30 PM : INFO : 
11/25/2017 03:43:30 PM : INFO : S key was pressed
11/25/2017 03:43:30 PM : INFO : 
11/25/2017 03:43:30 PM : INFO : S key was pressed
11/25/2017 03:43:31 PM : INFO : 
11/25/2017 03:43:31 PM : INFO : S key was pressed
11/25/2017 03:43:31 PM : INFO : 
11/25/2017 03:43:31 PM : INFO : S key was pressed
11/25/2017 03:43:31 PM : INFO : 
11/25/2017 03:43:31 PM : INFO : S key was pressed
11/25/2017 03:43:31 PM : INFO : 
11/25/2017 03:43:31 PM : INFO : W key was pressed
11/25/2017 03:43:31 PM : INFO : 
11/25/2017 03:43:31 PM : INFO : W key was pressed
11/25/2017 03:43:31 PM : INFO : 
11/25/2017 03:43:31 PM : INFO : A key was pressed
11/25/2017 03:43:32 PM : INFO : 
11/25/2017 03:43:32 PM : INFO : A key was pressed
11/25/2017 03:43:32 PM : INFO : 
11/25/2017 03:43:32 PM : INFO : A key was pressed
11/25/2017 03:43:32 PM : INFO : 
11/25/2017 03:43:34 PM : INFO : ESCAPE key was pressed
11/25/2017 03:44:08 PM : INFO : 
11/25/2017 03:44:08 PM : INFO : --------------------------
11/25/2017 03:44:08 PM : INFO : 
11/25/2017 03:44:08 PM : INFO : New instance of EduGame.py
11/25/2017 03:44:40 PM : INFO : 
11/25/2017 03:44:40 PM : INFO : --------------------------
11/25/2017 03:44:40 PM : INFO : 
11/25/2017 03:44:40 PM : INFO : New instance of EduGame.py
11/25/2017 03:44:41 PM : INFO : A key was pressed
11/25/2017 03:44:41 PM : INFO : 
11/25/2017 03:44:41 PM : INFO : D key was pressed
11/25/2017 03:44:41 PM : INFO : 
11/25/2017 03:44:42 PM : INFO : A key was pressed
11/25/2017 03:44:42 PM : INFO : 
11/25/2017 03:44:42 PM : INFO : D key was pressed
11/25/2017 03:44:42 PM : INFO : A key was pressed
11/25/2017 03:44:42 PM : INFO : 
11/25/2017 03:44:42 PM : INFO : D key was pressed
11/25/2017 03:44:42 PM : INFO : 
11/25/2017 03:44:42 PM : INFO : A key was pressed
11/25/2017 03:44:42 PM : INFO : 
11/25/2017 03:44:42 PM : INFO : D key was pressed
11/25/2017 03:44:42 PM : INFO : 
11/25/2017 03:44:42 PM : INFO : 
11/25/2017 03:44:42 PM : INFO : A key was pressed
11/25/2017 03:44:42 PM : INFO : D key was pressed
11/25/2017 03:44:43 PM : INFO : 
11/25/2017 03:44:43 PM : INFO : 
11/25/2017 03:44:43 PM : INFO : W key was pressed
11/25/2017 03:44:43 PM : INFO : 
11/25/2017 03:44:43 PM : INFO : S key was pressed
11/25/2017 03:44:43 PM : INFO : 
11/25/2017 03:44:43 PM : INFO : W key was pressed
11/25/2017 03:44:43 PM : INFO : 
11/25/2017 03:44:43 PM : INFO : S key was pressed
11/25/2017 03:44:43 PM : INFO : 
11/25/2017 03:44:43 PM : INFO : W key was pressed
11/25/2017 03:44:44 PM : INFO : 
11/25/2017 03:44:44 PM : INFO : W key was pressed
11/25/2017 03:44:44 PM : INFO : 
11/25/2017 03:44:44 PM : INFO : W key was pressed
11/25/2017 03:44:44 PM : INFO : 
11/25/2017 03:44:44 PM : INFO : W key was pressed
11/25/2017 03:44:44 PM : INFO : 
11/25/2017 03:44:45 PM : INFO : W key was pressed
11/25/2017 03:44:45 PM : INFO : 
11/25/2017 03:44:45 PM : INFO : W key was pressed
11/25/2017 03:44:45 PM : INFO : 
11/25/2017 03:44:45 PM : INFO : W key was pressed
11/25/2017 03:44:45 PM : INFO : 
11/25/2017 03:44:45 PM : INFO : ESCAPE key was pressed
11/25/2017 03:45:18 PM : INFO : 
11/25/2017 03:45:18 PM : INFO : --------------------------
11/25/2017 03:45:18 PM : INFO : 
11/25/2017 03:45:18 PM : INFO : New instance of EduGame.py
11/25/2017 03:45:19 PM : INFO : W key was pressed
11/25/2017 03:45:19 PM : INFO : 
11/25/2017 03:45:19 PM : INFO : W key was pressed
11/25/2017 03:45:19 PM : INFO : 
11/25/2017 03:45:20 PM : INFO : W key was pressed
11/25/2017 03:45:20 PM : INFO : 
11/25/2017 03:45:20 PM : INFO : W key was pressed
11/25/2017 03:45:20 PM : INFO : 
11/25/2017 03:45:20 PM : INFO : W key was pressed
11/25/2017 03:45:20 PM : INFO : 
11/25/2017 03:45:20 PM : INFO : W key was pressed
11/25/2017 03:45:20 PM : INFO : 
11/25/2017 03:45:36 PM : INFO : 
11/25/2017 03:45:36 PM : INFO : --------------------------
11/25/2017 03:45:36 PM : INFO : 
11/25/2017 03:45:36 PM : INFO : New instance of EduGame.py
11/25/2017 03:45:37 PM : INFO : W key was pressed
11/25/2017 03:45:37 PM : INFO : 
11/25/2017 03:45:37 PM : INFO : W key was pressed
11/25/2017 03:45:37 PM : INFO : 
11/25/2017 03:45:38 PM : INFO : W key was pressed
11/25/2017 03:45:38 PM : INFO : 
11/25/2017 03:45:38 PM : INFO : W key was pressed
11/25/2017 03:45:38 PM : INFO : 
11/25/2017 03:45:38 PM : INFO : W key was pressed
11/25/2017 03:45:38 PM : INFO : 
11/25/2017 03:45:38 PM : INFO : W key was pressed
11/25/2017 03:45:38 PM : INFO : 
11/25/2017 03:45:38 PM : INFO : S key was pressed
11/25/2017 03:45:38 PM : INFO : 
11/25/2017 03:45:38 PM : INFO : S key was pressed
11/25/2017 03:45:38 PM : INFO : 
11/25/2017 03:45:39 PM : INFO : S key was pressed
11/25/2017 03:45:39 PM : INFO : D key was pressed
11/25/2017 03:45:39 PM : INFO : 
11/25/2017 03:45:39 PM : INFO : 
11/25/2017 03:45:39 PM : INFO : A key was pressed
11/25/2017 03:45:39 PM : INFO : 
11/25/2017 03:45:39 PM : INFO : D key was pressed
11/25/2017 03:45:39 PM : INFO : 
11/25/2017 03:45:39 PM : INFO : A key was pressed
11/25/2017 03:45:39 PM : INFO : 
11/25/2017 03:45:39 PM : INFO : A key was pressed
11/25/2017 03:45:40 PM : INFO : 
11/25/2017 03:45:40 PM : INFO : S key was pressed
11/25/2017 03:45:40 PM : INFO : D key was pressed
11/25/2017 03:45:40 PM : INFO : 
11/25/2017 03:45:40 PM : INFO : 
11/25/2017 03:45:40 PM : INFO : S key was pressed
11/25/2017 03:45:40 PM : INFO : 
11/25/2017 03:45:45 PM : INFO : 
11/25/2017 03:45:45 PM : INFO : --------------------------
11/25/2017 03:45:45 PM : INFO : 
11/25/2017 03:45:45 PM : INFO : New instance of EduGame.py
11/25/2017 03:45:46 PM : INFO : W key was pressed
11/25/2017 03:45:46 PM : INFO : 
11/25/2017 03:45:47 PM : INFO : W key was pressed
11/25/2017 03:45:47 PM : INFO : 
11/25/2017 03:45:47 PM : INFO : W key was pressed
11/25/2017 03:45:47 PM : INFO : 
11/25/2017 03:45:47 PM : INFO : W key was pressed
11/25/2017 03:45:47 PM : INFO : 
11/25/2017 03:45:47 PM : INFO : S key was pressed
11/25/2017 03:45:47 PM : INFO : 
11/25/2017 03:45:47 PM : INFO : S key was pressed
11/25/2017 03:45:48 PM : INFO : 
11/25/2017 03:45:48 PM : INFO : S key was pressed
11/25/2017 03:45:48 PM : INFO : 
11/25/2017 03:45:48 PM : INFO : S key was pressed
11/25/2017 03:45:48 PM : INFO : 
11/25/2017 03:45:48 PM : INFO : ESCAPE key was pressed
11/25/2017 03:46:01 PM : INFO : 
11/25/2017 03:46:01 PM : INFO : --------------------------
11/25/2017 03:46:01 PM : INFO : 
11/25/2017 03:46:01 PM : INFO : New instance of EduGame.py
11/25/2017 03:46:02 PM : INFO : W key was pressed
11/25/2017 03:46:02 PM : INFO : 
11/25/2017 03:46:02 PM : INFO : W key was pressed
11/25/2017 03:46:03 PM : INFO : 
11/25/2017 03:46:03 PM : INFO : S key was pressed
11/25/2017 03:46:03 PM : INFO : 
11/25/2017 03:46:03 PM : INFO : S key was pressed
11/25/2017 03:46:03 PM : INFO : A key was pressed
11/25/2017 03:46:03 PM : INFO : 
11/25/2017 03:46:03 PM : INFO : D key was pressed
11/25/2017 03:46:03 PM : INFO : S key was pressed
11/25/2017 03:46:03 PM : INFO : 
11/25/2017 03:46:03 PM : INFO : A key was pressed
11/25/2017 03:46:03 PM : INFO : 
11/25/2017 03:46:03 PM : INFO : 
11/25/2017 03:46:03 PM : INFO : D key was pressed
11/25/2017 03:46:03 PM : INFO : 
11/25/2017 03:46:03 PM : INFO : 
11/25/2017 03:46:03 PM : INFO : W key was pressed
11/25/2017 03:46:04 PM : INFO : D key was pressed
11/25/2017 03:46:04 PM : INFO : A key was pressed
11/25/2017 03:46:04 PM : INFO : 
11/25/2017 03:46:04 PM : INFO : 
11/25/2017 03:46:04 PM : INFO : D key was pressed
11/25/2017 03:46:04 PM : INFO : 
11/25/2017 03:46:04 PM : INFO : S key was pressed
11/25/2017 03:46:04 PM : INFO : 
11/25/2017 03:46:04 PM : INFO : A key was pressed
11/25/2017 03:46:04 PM : INFO : D key was pressed
11/25/2017 03:46:04 PM : INFO : 
11/25/2017 03:46:04 PM : INFO : 
11/25/2017 03:46:04 PM : INFO : A key was pressed
11/25/2017 03:46:04 PM : INFO : 
11/25/2017 03:46:04 PM : INFO : W key was pressed
11/25/2017 03:46:04 PM : INFO : 
11/25/2017 03:46:04 PM : INFO : 
11/25/2017 03:46:04 PM : INFO : ESCAPE key was pressed
11/25/2017 03:57:33 PM : INFO : 
11/25/2017 03:57:33 PM : INFO : --------------------------
11/25/2017 03:57:33 PM : INFO : 
11/25/2017 03:57:33 PM : INFO : New instance of EduGame.py
11/25/2017 03:58:13 PM : INFO : 
11/25/2017 03:58:13 PM : INFO : --------------------------
11/25/2017 03:58:13 PM : INFO : 
11/25/2017 03:58:13 PM : INFO : New instance of EduGame.py
11/25/2017 03:59:32 PM : INFO : 
11/25/2017 03:59:32 PM : INFO : --------------------------
11/25/2017 03:59:32 PM : INFO : 
11/25/2017 03:59:32 PM : INFO : New instance of EduGame.py
11/25/2017 03:59:51 PM : INFO : 
11/25/2017 03:59:51 PM : INFO : --------------------------
11/25/2017 03:59:51 PM : INFO : 
11/25/2017 03:59:51 PM : INFO : New instance of EduGame.py
11/25/2017 03:59:54 PM : INFO : W key was pressed
11/25/2017 04:00:22 PM : INFO : 
11/25/2017 04:00:22 PM : INFO : --------------------------
11/25/2017 04:00:22 PM : INFO : 
11/25/2017 04:00:22 PM : INFO : New instance of EduGame.py
11/25/2017 04:00:24 PM : INFO : ESCAPE key was pressed
11/25/2017 04:00:38 PM : INFO : 
11/25/2017 04:00:38 PM : INFO : --------------------------
11/25/2017 04:00:38 PM : INFO : 
11/25/2017 04:00:38 PM : INFO : New instance of EduGame.py
11/25/2017 04:00:41 PM : INFO : ESCAPE key was pressed
11/25/2017 04:00:41 PM : INFO : 
11/25/2017 04:00:42 PM : INFO : A key was pressed
11/25/2017 04:00:42 PM : INFO : 
11/25/2017 04:00:42 PM : INFO : D key was pressed
11/25/2017 04:00:42 PM : INFO : 
11/25/2017 04:00:43 PM : INFO : D key was pressed
11/25/2017 04:00:43 PM : INFO : 
11/25/2017 04:00:43 PM : INFO : A key was pressed
11/25/2017 04:00:43 PM : INFO : 
11/25/2017 04:00:43 PM : INFO : S key was pressed
11/25/2017 04:00:44 PM : INFO : 
11/25/2017 04:00:44 PM : INFO : W key was pressed
11/25/2017 04:00:44 PM : INFO : 
11/25/2017 04:00:44 PM : INFO : W key was pressed
11/25/2017 04:00:44 PM : INFO : 
11/25/2017 04:00:44 PM : INFO : S key was pressed
11/25/2017 04:00:44 PM : INFO : 
11/25/2017 04:00:45 PM : INFO : A key was pressed
11/25/2017 04:00:45 PM : INFO : 
11/25/2017 04:00:45 PM : INFO : D key was pressed
11/25/2017 04:00:45 PM : INFO : 
11/25/2017 04:00:46 PM : INFO : ESCAPE key was pressed
